INFO:root:Start application
DEBUG:root:Assests are listed to begin get data
DEBUG:urllib3.connectionpool:Starting new HTTP connection (1): cotacoes.economia.uol.com.br:80
DEBUG:urllib3.connectionpool:http://cotacoes.economia.uol.com.br:80 "GET /ws/asset/18/intraday?size=600&callback=uolfinancecallback0 HTTP/1.1" 200 None
DEBUG:root:All ready to save ABCB4.SA on data base.
INFO:root:Start application
DEBUG:root:Assests are listed to begin get data
DEBUG:urllib3.connectionpool:Starting new HTTP connection (1): cotacoes.economia.uol.com.br:80
DEBUG:urllib3.connectionpool:http://cotacoes.economia.uol.com.br:80 "GET /ws/asset/18/intraday?size=600&callback=uolfinancecallback0 HTTP/1.1" 200 None
DEBUG:root:All ready to save ABCB4.SA on data base.
DEBUG:root:ABCB4.SA save -> data base.
DEBUG:urllib3.connectionpool:Starting new HTTP connection (1): cotacoes.economia.uol.com.br:80
DEBUG:urllib3.connectionpool:http://cotacoes.economia.uol.com.br:80 "GET /ws/asset/1545/intraday?size=600&callback=uolfinancecallback0 HTTP/1.1" 200 None
DEBUG:root:All ready to save ABEV3.SA on data base.
DEBUG:root:ABEV3.SA save -> data base.
DEBUG:urllib3.connectionpool:Starting new HTTP connection (1): cotacoes.economia.uol.com.br:80
DEBUG:urllib3.connectionpool:http://cotacoes.economia.uol.com.br:80 "GET /ws/asset/39/intraday?size=600&callback=uolfinancecallback0 HTTP/1.1" 200 None
DEBUG:root:All ready to save ALPA4.SA on data base.
DEBUG:root:ALPA4.SA save -> data base.
DEBUG:urllib3.connectionpool:Starting new HTTP connection (1): cotacoes.economia.uol.com.br:80
DEBUG:urllib3.connectionpool:http://cotacoes.economia.uol.com.br:80 "GET /ws/asset/2329/intraday?size=600&callback=uolfinancecallback0 HTTP/1.1" 200 None
DEBUG:root:All ready to save ALSO3.SA on data base.
DEBUG:root:ALSO3.SA save -> data base.
DEBUG:urllib3.connectionpool:Starting new HTTP connection (1): cotacoes.economia.uol.com.br:80
DEBUG:urllib3.connectionpool:http://cotacoes.economia.uol.com.br:80 "GET /ws/asset/1423/intraday?size=600&callback=uolfinancecallback0 HTTP/1.1" 200 None
DEBUG:root:All ready to save ALUP11.SA on data base.
DEBUG:root:ALUP11.SA save -> data base.
DEBUG:urllib3.connectionpool:Starting new HTTP connection (1): cotacoes.economia.uol.com.br:80
DEBUG:urllib3.connectionpool:http://cotacoes.economia.uol.com.br:80 "GET /ws/asset/1044/intraday?size=600&callback=uolfinancecallback0 HTTP/1.1" 200 None
DEBUG:root:All ready to save AMAR3.SA on data base.
DEBUG:root:AMAR3.SA save -> data base.
DEBUG:urllib3.connectionpool:Starting new HTTP connection (1): cotacoes.economia.uol.com.br:80
DEBUG:urllib3.connectionpool:http://cotacoes.economia.uol.com.br:80 "GET /ws/asset/1110/intraday?size=600&callback=uolfinancecallback0 HTTP/1.1" 200 None
DEBUG:root:All ready to save ARZZ3.SA on data base.
DEBUG:root:ARZZ3.SA save -> data base.
DEBUG:urllib3.connectionpool:Starting new HTTP connection (1): cotacoes.economia.uol.com.br:80
DEBUG:urllib3.connectionpool:http://cotacoes.economia.uol.com.br:80 "GET /ws/asset/1881/intraday?size=600&callback=uolfinancecallback0 HTTP/1.1" 200 None
DEBUG:root:All ready to save AZUL4.SA on data base.
DEBUG:root:AZUL4.SA save -> data base.
DEBUG:urllib3.connectionpool:Starting new HTTP connection (1): cotacoes.economia.uol.com.br:80
DEBUG:urllib3.connectionpool:http://cotacoes.economia.uol.com.br:80 "GET /ws/asset/1978/intraday?size=600&callback=uolfinancecallback0 HTTP/1.1" 200 None
DEBUG:root:All ready to save B3SA3.SA on data base.
DEBUG:root:B3SA3.SA save -> data base.
DEBUG:urllib3.connectionpool:Starting new HTTP connection (1): cotacoes.economia.uol.com.br:80
DEBUG:urllib3.connectionpool:http://cotacoes.economia.uol.com.br:80 "GET /ws/asset/67/intraday?size=600&callback=uolfinancecallback0 HTTP/1.1" 200 None
DEBUG:root:All ready to save BBAS3.SA on data base.
DEBUG:root:BBAS3.SA save -> data base.
DEBUG:urllib3.connectionpool:Starting new HTTP connection (1): cotacoes.economia.uol.com.br:80
DEBUG:urllib3.connectionpool:http://cotacoes.economia.uol.com.br:80 "GET /ws/asset/69/intraday?size=600&callback=uolfinancecallback0 HTTP/1.1" 200 None
DEBUG:root:All ready to save BBDC4.SA on data base.
DEBUG:root:BBDC4.SA save -> data base.
DEBUG:urllib3.connectionpool:Starting new HTTP connection (1): cotacoes.economia.uol.com.br:80
DEBUG:urllib3.connectionpool:http://cotacoes.economia.uol.com.br:80 "GET /ws/asset/1427/intraday?size=600&callback=uolfinancecallback0 HTTP/1.1" 200 None
DEBUG:root:All ready to save BBSE3.SA on data base.
DEBUG:root:BBSE3.SA save -> data base.
DEBUG:urllib3.connectionpool:Starting new HTTP connection (1): cotacoes.economia.uol.com.br:80
DEBUG:urllib3.connectionpool:http://cotacoes.economia.uol.com.br:80 "GET /ws/asset/73/intraday?size=600&callback=uolfinancecallback0 HTTP/1.1" 200 None
DEBUG:root:All ready to save BEEF3.SA on data base.
DEBUG:root:BEEF3.SA save -> data base.
DEBUG:urllib3.connectionpool:Starting new HTTP connection (1): cotacoes.economia.uol.com.br:80
DEBUG:urllib3.connectionpool:http://cotacoes.economia.uol.com.br:80 "GET /ws/asset/1984/intraday?size=600&callback=uolfinancecallback0 HTTP/1.1" 200 None
DEBUG:root:All ready to save BIDI11.SA on data base.
DEBUG:root:BIDI11.SA save -> data base.
DEBUG:urllib3.connectionpool:Starting new HTTP connection (1): cotacoes.economia.uol.com.br:80
DEBUG:urllib3.connectionpool:http://cotacoes.economia.uol.com.br:80 "GET /ws/asset/1990/intraday?size=600&callback=uolfinancecallback0 HTTP/1.1" 200 None
DEBUG:root:All ready to save BIDI4.SA on data base.
DEBUG:root:BIDI4.SA save -> data base.
DEBUG:urllib3.connectionpool:Starting new HTTP connection (1): cotacoes.economia.uol.com.br:80
DEBUG:urllib3.connectionpool:http://cotacoes.economia.uol.com.br:80 "GET /ws/asset/1947/intraday?size=600&callback=uolfinancecallback0 HTTP/1.1" 200 None
DEBUG:root:All ready to save BKBR3.SA on data base.
DEBUG:root:BKBR3.SA save -> data base.
DEBUG:urllib3.connectionpool:Starting new HTTP connection (1): cotacoes.economia.uol.com.br:80
DEBUG:urllib3.connectionpool:http://cotacoes.economia.uol.com.br:80 "GET /ws/asset/1027/intraday?size=600&callback=uolfinancecallback0 HTTP/1.1" 200 None
DEBUG:root:All ready to save BOVA11.SA on data base.
DEBUG:root:BOVA11.SA save -> data base.
DEBUG:urllib3.connectionpool:Starting new HTTP connection (1): cotacoes.economia.uol.com.br:80
DEBUG:urllib3.connectionpool:http://cotacoes.economia.uol.com.br:80 "GET /ws/asset/1872/intraday?size=600&callback=uolfinancecallback0 HTTP/1.1" 200 None
DEBUG:root:All ready to save BPAC11.SA on data base.
DEBUG:root:BPAC11.SA save -> data base.
DEBUG:urllib3.connectionpool:Starting new HTTP connection (1): cotacoes.economia.uol.com.br:80
DEBUG:urllib3.connectionpool:http://cotacoes.economia.uol.com.br:80 "GET /ws/asset/1612/intraday?size=600&callback=uolfinancecallback0 HTTP/1.1" 200 None
DEBUG:root:All ready to save BPAN4.SA on data base.
DEBUG:root:BPAN4.SA save -> data base.
DEBUG:urllib3.connectionpool:Starting new HTTP connection (1): cotacoes.economia.uol.com.br:80
DEBUG:urllib3.connectionpool:http://cotacoes.economia.uol.com.br:80 "GET /ws/asset/100/intraday?size=600&callback=uolfinancecallback0 HTTP/1.1" 200 None
DEBUG:root:All ready to save BRAP4.SA on data base.
DEBUG:root:BRAP4.SA save -> data base.
DEBUG:urllib3.connectionpool:Starting new HTTP connection (1): cotacoes.economia.uol.com.br:80
DEBUG:urllib3.connectionpool:http://cotacoes.economia.uol.com.br:80 "GET /ws/asset/1945/intraday?size=600&callback=uolfinancecallback0 HTTP/1.1" 200 None
DEBUG:root:All ready to save BRDT3.SA on data base.
DEBUG:root:BRDT3.SA save -> data base.
DEBUG:urllib3.connectionpool:Starting new HTTP connection (1): cotacoes.economia.uol.com.br:80
DEBUG:urllib3.connectionpool:http://cotacoes.economia.uol.com.br:80 "GET /ws/asset/964/intraday?size=600&callback=uolfinancecallback0 HTTP/1.1" 200 None
DEBUG:root:All ready to save BRFS3.SA on data base.
DEBUG:root:BRFS3.SA save -> data base.
DEBUG:urllib3.connectionpool:Starting new HTTP connection (1): cotacoes.economia.uol.com.br:80
DEBUG:urllib3.connectionpool:http://cotacoes.economia.uol.com.br:80 "GET /ws/asset/111/intraday?size=600&callback=uolfinancecallback0 HTTP/1.1" 200 None
DEBUG:root:All ready to save BRKM5.SA on data base.
DEBUG:root:BRKM5.SA save -> data base.
DEBUG:urllib3.connectionpool:Starting new HTTP connection (1): cotacoes.economia.uol.com.br:80
DEBUG:urllib3.connectionpool:http://cotacoes.economia.uol.com.br:80 "GET /ws/asset/114/intraday?size=600&callback=uolfinancecallback0 HTTP/1.1" 200 None
DEBUG:root:All ready to save BRML3.SA on data base.
DEBUG:root:BRML3.SA save -> data base.
DEBUG:urllib3.connectionpool:Starting new HTTP connection (1): cotacoes.economia.uol.com.br:80
DEBUG:urllib3.connectionpool:http://cotacoes.economia.uol.com.br:80 "GET /ws/asset/719/intraday?size=600&callback=uolfinancecallback0 HTTP/1.1" 200 None
DEBUG:root:All ready to save BRPR3.SA on data base.
DEBUG:root:BRPR3.SA save -> data base.
DEBUG:urllib3.connectionpool:Starting new HTTP connection (1): cotacoes.economia.uol.com.br:80
DEBUG:urllib3.connectionpool:http://cotacoes.economia.uol.com.br:80 "GET /ws/asset/115/intraday?size=600&callback=uolfinancecallback0 HTTP/1.1" 200 None
DEBUG:root:All ready to save BRSR6.SA on data base.
DEBUG:root:BRSR6.SA save -> data base.
DEBUG:urllib3.connectionpool:Starting new HTTP connection (1): cotacoes.economia.uol.com.br:80
DEBUG:urllib3.connectionpool:http://cotacoes.economia.uol.com.br:80 "GET /ws/asset/133/intraday?size=600&callback=uolfinancecallback0 HTTP/1.1" 200 None
DEBUG:root:All ready to save BTOW3.SA on data base.
DEBUG:root:BTOW3.SA save -> data base.
DEBUG:urllib3.connectionpool:Starting new HTTP connection (1): cotacoes.economia.uol.com.br:80
DEBUG:urllib3.connectionpool:http://cotacoes.economia.uol.com.br:80 "GET /ws/asset/1926/intraday?size=600&callback=uolfinancecallback0 HTTP/1.1" 200 None
DEBUG:root:All ready to save CAML3.SA on data base.
DEBUG:root:CAML3.SA save -> data base.
DEBUG:urllib3.connectionpool:Starting new HTTP connection (1): cotacoes.economia.uol.com.br:80
DEBUG:urllib3.connectionpool:http://cotacoes.economia.uol.com.br:80 "GET /ws/asset/159/intraday?size=600&callback=uolfinancecallback0 HTTP/1.1" 200 None
DEBUG:root:All ready to save CCRO3.SA on data base.
DEBUG:root:CCRO3.SA save -> data base.
DEBUG:urllib3.connectionpool:Starting new HTTP connection (1): cotacoes.economia.uol.com.br:80
DEBUG:urllib3.connectionpool:http://cotacoes.economia.uol.com.br:80 "GET /ws/asset/2395/intraday?size=600&callback=uolfinancecallback0 HTTP/1.1" 200 None
DEBUG:root:All ready to save CEAB3.SA on data base.
DEBUG:root:CEAB3.SA save -> data base.
DEBUG:urllib3.connectionpool:Starting new HTTP connection (1): cotacoes.economia.uol.com.br:80
DEBUG:urllib3.connectionpool:http://cotacoes.economia.uol.com.br:80 "GET /ws/asset/179/intraday?size=600&callback=uolfinancecallback0 HTTP/1.1" 200 None
DEBUG:root:All ready to save CESP6.SA on data base.
DEBUG:root:CESP6.SA save -> data base.
DEBUG:urllib3.connectionpool:Starting new HTTP connection (1): cotacoes.economia.uol.com.br:80
DEBUG:urllib3.connectionpool:http://cotacoes.economia.uol.com.br:80 "GET /ws/asset/966/intraday?size=600&callback=uolfinancecallback0 HTTP/1.1" 200 None
DEBUG:root:All ready to save CIEL3.SA on data base.
DEBUG:root:CIEL3.SA save -> data base.
DEBUG:urllib3.connectionpool:Starting new HTTP connection (1): cotacoes.economia.uol.com.br:80
DEBUG:urllib3.connectionpool:http://cotacoes.economia.uol.com.br:80 "GET /ws/asset/192/intraday?size=600&callback=uolfinancecallback0 HTTP/1.1" 200 None
DEBUG:root:All ready to save CMIG4.SA on data base.
DEBUG:root:CMIG4.SA save -> data base.
DEBUG:urllib3.connectionpool:Starting new HTTP connection (1): cotacoes.economia.uol.com.br:80
DEBUG:urllib3.connectionpool:http://cotacoes.economia.uol.com.br:80 "GET /ws/asset/2072/intraday?size=600&callback=uolfinancecallback0 HTTP/1.1" 200 None
DEBUG:root:All ready to save CNTO3.SA on data base.
DEBUG:root:CNTO3.SA save -> data base.
DEBUG:urllib3.connectionpool:Starting new HTTP connection (1): cotacoes.economia.uol.com.br:80
DEBUG:urllib3.connectionpool:http://cotacoes.economia.uol.com.br:80 "GET /ws/asset/202/intraday?size=600&callback=uolfinancecallback0 HTTP/1.1" 200 None
DEBUG:root:All ready to save CPFE3.SA on data base.
DEBUG:root:CPFE3.SA save -> data base.
DEBUG:urllib3.connectionpool:Starting new HTTP connection (1): cotacoes.economia.uol.com.br:80
DEBUG:urllib3.connectionpool:http://cotacoes.economia.uol.com.br:80 "GET /ws/asset/204/intraday?size=600&callback=uolfinancecallback0 HTTP/1.1" 200 None
DEBUG:root:All ready to save CPLE3.SA on data base.
DEBUG:root:CPLE3.SA save -> data base.
DEBUG:urllib3.connectionpool:Starting new HTTP connection (1): cotacoes.economia.uol.com.br:80
DEBUG:urllib3.connectionpool:http://cotacoes.economia.uol.com.br:80 "GET /ws/asset/205/intraday?size=600&callback=uolfinancecallback0 HTTP/1.1" 200 None
DEBUG:root:All ready to save CPLE6.SA on data base.
DEBUG:root:CPLE6.SA save -> data base.
DEBUG:urllib3.connectionpool:Starting new HTTP connection (1): cotacoes.economia.uol.com.br:80
DEBUG:urllib3.connectionpool:http://cotacoes.economia.uol.com.br:80 "GET /ws/asset/1909/intraday?size=600&callback=uolfinancecallback0 HTTP/1.1" 200 None
DEBUG:root:All ready to save CRFB3.SA on data base.
DEBUG:root:CRFB3.SA save -> data base.
DEBUG:urllib3.connectionpool:Starting new HTTP connection (1): cotacoes.economia.uol.com.br:80
DEBUG:urllib3.connectionpool:http://cotacoes.economia.uol.com.br:80 "GET /ws/asset/219/intraday?size=600&callback=uolfinancecallback0 HTTP/1.1" 200 None
DEBUG:root:All ready to save CSAN3.SA on data base.
DEBUG:root:CSAN3.SA save -> data base.
DEBUG:urllib3.connectionpool:Starting new HTTP connection (1): cotacoes.economia.uol.com.br:80
DEBUG:urllib3.connectionpool:http://cotacoes.economia.uol.com.br:80 "GET /ws/asset/221/intraday?size=600&callback=uolfinancecallback0 HTTP/1.1" 200 None
DEBUG:root:All ready to save CSMG3.SA on data base.
DEBUG:root:CSMG3.SA save -> data base.
DEBUG:urllib3.connectionpool:Starting new HTTP connection (1): cotacoes.economia.uol.com.br:80
DEBUG:urllib3.connectionpool:http://cotacoes.economia.uol.com.br:80 "GET /ws/asset/222/intraday?size=600&callback=uolfinancecallback0 HTTP/1.1" 200 None
DEBUG:root:All ready to save CSNA3.SA on data base.
DEBUG:root:CSNA3.SA save -> data base.
DEBUG:urllib3.connectionpool:Starting new HTTP connection (1): cotacoes.economia.uol.com.br:80
DEBUG:urllib3.connectionpool:http://cotacoes.economia.uol.com.br:80 "GET /ws/asset/1550/intraday?size=600&callback=uolfinancecallback0 HTTP/1.1" 200 None
DEBUG:root:All ready to save CVCB3.SA on data base.
DEBUG:root:CVCB3.SA save -> data base.
DEBUG:urllib3.connectionpool:Starting new HTTP connection (1): cotacoes.economia.uol.com.br:80
DEBUG:urllib3.connectionpool:http://cotacoes.economia.uol.com.br:80 "GET /ws/asset/956/intraday?size=600&callback=uolfinancecallback0 HTTP/1.1" 200 None
DEBUG:root:All ready to save DIRR3.SA on data base.
DEBUG:root:DIRR3.SA save -> data base.
DEBUG:urllib3.connectionpool:Starting new HTTP connection (1): cotacoes.economia.uol.com.br:80
DEBUG:urllib3.connectionpool:http://cotacoes.economia.uol.com.br:80 "GET /ws/asset/939/intraday?size=600&callback=uolfinancecallback0 HTTP/1.1" 200 None
DEBUG:root:All ready to save DTEX3.SA on data base.
DEBUG:root:DTEX3.SA save -> data base.
DEBUG:urllib3.connectionpool:Starting new HTTP connection (1): cotacoes.economia.uol.com.br:80
DEBUG:urllib3.connectionpool:http://cotacoes.economia.uol.com.br:80 "GET /ws/asset/1005/intraday?size=600&callback=uolfinancecallback0 HTTP/1.1" 200 None
DEBUG:root:All ready to save ECOR3.SA on data base.
DEBUG:root:ECOR3.SA save -> data base.
DEBUG:urllib3.connectionpool:Starting new HTTP connection (1): cotacoes.economia.uol.com.br:80
DEBUG:urllib3.connectionpool:http://cotacoes.economia.uol.com.br:80 "GET /ws/asset/1802/intraday?size=600&callback=uolfinancecallback0 HTTP/1.1" 200 None
DEBUG:root:All ready to save EGIE3.SA on data base.
DEBUG:root:EGIE3.SA save -> data base.
DEBUG:urllib3.connectionpool:Starting new HTTP connection (1): cotacoes.economia.uol.com.br:80
DEBUG:urllib3.connectionpool:http://cotacoes.economia.uol.com.br:80 "GET /ws/asset/274/intraday?size=600&callback=uolfinancecallback0 HTTP/1.1" 200 None
DEBUG:root:All ready to save ELET3.SA on data base.
DEBUG:root:ELET3.SA save -> data base.
DEBUG:urllib3.connectionpool:Starting new HTTP connection (1): cotacoes.economia.uol.com.br:80
DEBUG:urllib3.connectionpool:http://cotacoes.economia.uol.com.br:80 "GET /ws/asset/273/intraday?size=600&callback=uolfinancecallback0 HTTP/1.1" 200 None
DEBUG:root:All ready to save ELET6.SA on data base.
DEBUG:root:ELET6.SA save -> data base.
DEBUG:urllib3.connectionpool:Starting new HTTP connection (1): cotacoes.economia.uol.com.br:80
DEBUG:urllib3.connectionpool:http://cotacoes.economia.uol.com.br:80 "GET /ws/asset/283/intraday?size=600&callback=uolfinancecallback0 HTTP/1.1" 200 None
DEBUG:root:All ready to save EMBR3.SA on data base.
DEBUG:root:EMBR3.SA save -> data base.
DEBUG:urllib3.connectionpool:Starting new HTTP connection (1): cotacoes.economia.uol.com.br:80
DEBUG:urllib3.connectionpool:http://cotacoes.economia.uol.com.br:80 "GET /ws/asset/2074/intraday?size=600&callback=uolfinancecallback0 HTTP/1.1" 200 None
DEBUG:root:All ready to save ENAT3.SA on data base.
DEBUG:root:ENAT3.SA save -> data base.
DEBUG:urllib3.connectionpool:Starting new HTTP connection (1): cotacoes.economia.uol.com.br:80
DEBUG:urllib3.connectionpool:http://cotacoes.economia.uol.com.br:80 "GET /ws/asset/284/intraday?size=600&callback=uolfinancecallback0 HTTP/1.1" 200 None
DEBUG:root:All ready to save ENBR3.SA on data base.
DEBUG:root:ENBR3.SA save -> data base.
DEBUG:urllib3.connectionpool:Starting new HTTP connection (1): cotacoes.economia.uol.com.br:80
DEBUG:urllib3.connectionpool:http://cotacoes.economia.uol.com.br:80 "GET /ws/asset/447/intraday?size=600&callback=uolfinancecallback0 HTTP/1.1" 200 None
DEBUG:root:All ready to save ENEV3.SA on data base.
DEBUG:root:ENEV3.SA save -> data base.
DEBUG:urllib3.connectionpool:Starting new HTTP connection (1): cotacoes.economia.uol.com.br:80
DEBUG:urllib3.connectionpool:http://cotacoes.economia.uol.com.br:80 "GET /ws/asset/950/intraday?size=600&callback=uolfinancecallback0 HTTP/1.1" 200 None
DEBUG:root:All ready to save ENGI11.SA on data base.
DEBUG:root:ENGI11.SA save -> data base.
DEBUG:urllib3.connectionpool:Starting new HTTP connection (1): cotacoes.economia.uol.com.br:80
DEBUG:urllib3.connectionpool:http://cotacoes.economia.uol.com.br:80 "GET /ws/asset/294/intraday?size=600&callback=uolfinancecallback0 HTTP/1.1" 200 None
DEBUG:root:All ready to save EVEN3.SA on data base.
DEBUG:root:EVEN3.SA save -> data base.
DEBUG:urllib3.connectionpool:Starting new HTTP connection (1): cotacoes.economia.uol.com.br:80
DEBUG:urllib3.connectionpool:http://cotacoes.economia.uol.com.br:80 "GET /ws/asset/295/intraday?size=600&callback=uolfinancecallback0 HTTP/1.1" 200 None
DEBUG:root:All ready to save EZTC3.SA on data base.
DEBUG:root:EZTC3.SA save -> data base.
DEBUG:urllib3.connectionpool:Starting new HTTP connection (1): cotacoes.economia.uol.com.br:80
DEBUG:urllib3.connectionpool:http://cotacoes.economia.uol.com.br:80 "GET /ws/asset/967/intraday?size=600&callback=uolfinancecallback0 HTTP/1.1" 200 None
DEBUG:root:All ready to save FLRY3.SA on data base.
DEBUG:root:FLRY3.SA save -> data base.
DEBUG:urllib3.connectionpool:Starting new HTTP connection (1): cotacoes.economia.uol.com.br:80
DEBUG:urllib3.connectionpool:http://cotacoes.economia.uol.com.br:80 "GET /ws/asset/325/intraday?size=600&callback=uolfinancecallback0 HTTP/1.1" 200 None
DEBUG:root:All ready to save GFSA3.SA on data base.
DEBUG:root:GFSA3.SA save -> data base.
DEBUG:urllib3.connectionpool:Starting new HTTP connection (1): cotacoes.economia.uol.com.br:80
DEBUG:urllib3.connectionpool:http://cotacoes.economia.uol.com.br:80 "GET /ws/asset/327/intraday?size=600&callback=uolfinancecallback0 HTTP/1.1" 200 None
DEBUG:root:All ready to save GGBR4.SA on data base.
DEBUG:root:GGBR4.SA save -> data base.
DEBUG:urllib3.connectionpool:Starting new HTTP connection (1): cotacoes.economia.uol.com.br:80
DEBUG:urllib3.connectionpool:http://cotacoes.economia.uol.com.br:80 "GET /ws/asset/1981/intraday?size=600&callback=uolfinancecallback0 HTTP/1.1" 200 None
DEBUG:root:All ready to save GNDI3.SA on data base.
DEBUG:root:GNDI3.SA save -> data base.
DEBUG:urllib3.connectionpool:Starting new HTTP connection (1): cotacoes.economia.uol.com.br:80
DEBUG:urllib3.connectionpool:http://cotacoes.economia.uol.com.br:80 "GET /ws/asset/330/intraday?size=600&callback=uolfinancecallback0 HTTP/1.1" 200 None
DEBUG:root:All ready to save GOAU4.SA on data base.
DEBUG:root:GOAU4.SA save -> data base.
DEBUG:urllib3.connectionpool:Starting new HTTP connection (1): cotacoes.economia.uol.com.br:80
DEBUG:urllib3.connectionpool:http://cotacoes.economia.uol.com.br:80 "GET /ws/asset/332/intraday?size=600&callback=uolfinancecallback0 HTTP/1.1" 200 None
DEBUG:root:All ready to save GOLL4.SA on data base.
DEBUG:root:GOLL4.SA save -> data base.
DEBUG:urllib3.connectionpool:Starting new HTTP connection (1): cotacoes.economia.uol.com.br:80
DEBUG:urllib3.connectionpool:http://cotacoes.economia.uol.com.br:80 "GET /ws/asset/335/intraday?size=600&callback=uolfinancecallback0 HTTP/1.1" 200 None
DEBUG:root:All ready to save GRND3.SA on data base.
DEBUG:root:GRND3.SA save -> data base.
DEBUG:urllib3.connectionpool:Starting new HTTP connection (1): cotacoes.economia.uol.com.br:80
DEBUG:urllib3.connectionpool:http://cotacoes.economia.uol.com.br:80 "GET /ws/asset/339/intraday?size=600&callback=uolfinancecallback0 HTTP/1.1" 200 None
DEBUG:root:All ready to save GUAR3.SA on data base.
DEBUG:root:GUAR3.SA save -> data base.
DEBUG:urllib3.connectionpool:Starting new HTTP connection (1): cotacoes.economia.uol.com.br:80
DEBUG:urllib3.connectionpool:http://cotacoes.economia.uol.com.br:80 "GET /ws/asset/1983/intraday?size=600&callback=uolfinancecallback0 HTTP/1.1" 200 None
DEBUG:root:All ready to save HAPV3.SA on data base.
DEBUG:root:HAPV3.SA save -> data base.
DEBUG:urllib3.connectionpool:Starting new HTTP connection (1): cotacoes.economia.uol.com.br:80
DEBUG:urllib3.connectionpool:http://cotacoes.economia.uol.com.br:80 "GET /ws/asset/344/intraday?size=600&callback=uolfinancecallback0 HTTP/1.1" 200 None
DEBUG:root:All ready to save HBOR3.SA on data base.
DEBUG:root:HBOR3.SA save -> data base.
DEBUG:urllib3.connectionpool:Starting new HTTP connection (1): cotacoes.economia.uol.com.br:80
DEBUG:urllib3.connectionpool:http://cotacoes.economia.uol.com.br:80 "GET /ws/asset/350/intraday?size=600&callback=uolfinancecallback0 HTTP/1.1" 200 None
DEBUG:root:All ready to save HGTX3.SA on data base.
DEBUG:root:HGTX3.SA save -> data base.
DEBUG:urllib3.connectionpool:Starting new HTTP connection (1): cotacoes.economia.uol.com.br:80
DEBUG:urllib3.connectionpool:http://cotacoes.economia.uol.com.br:80 "GET /ws/asset/353/intraday?size=600&callback=uolfinancecallback0 HTTP/1.1" 200 None
DEBUG:root:All ready to save HYPE3.SA on data base.
DEBUG:root:HYPE3.SA save -> data base.
DEBUG:urllib3.connectionpool:Starting new HTTP connection (1): cotacoes.economia.uol.com.br:80
DEBUG:urllib3.connectionpool:http://cotacoes.economia.uol.com.br:80 "GET /ws/asset/361/intraday?size=600&callback=uolfinancecallback0 HTTP/1.1" 200 None
DEBUG:root:All ready to save IGTA3.SA on data base.
DEBUG:root:IGTA3.SA save -> data base.
DEBUG:urllib3.connectionpool:Starting new HTTP connection (1): cotacoes.economia.uol.com.br:80
DEBUG:urllib3.connectionpool:http://cotacoes.economia.uol.com.br:80 "GET /ws/asset/1914/intraday?size=600&callback=uolfinancecallback0 HTTP/1.1" 200 None
DEBUG:root:All ready to save IRBR3.SA on data base.
DEBUG:root:IRBR3.SA save -> data base.
DEBUG:urllib3.connectionpool:Starting new HTTP connection (1): cotacoes.economia.uol.com.br:80
DEBUG:urllib3.connectionpool:http://cotacoes.economia.uol.com.br:80 "GET /ws/asset/377/intraday?size=600&callback=uolfinancecallback0 HTTP/1.1" 200 None
DEBUG:root:All ready to save ITSA3.SA on data base.
DEBUG:root:ITSA3.SA save -> data base.
DEBUG:urllib3.connectionpool:Starting new HTTP connection (1): cotacoes.economia.uol.com.br:80
DEBUG:urllib3.connectionpool:http://cotacoes.economia.uol.com.br:80 "GET /ws/asset/376/intraday?size=600&callback=uolfinancecallback0 HTTP/1.1" 200 None
DEBUG:root:All ready to save ITSA4.SA on data base.
DEBUG:root:ITSA4.SA save -> data base.
DEBUG:urllib3.connectionpool:Starting new HTTP connection (1): cotacoes.economia.uol.com.br:80
DEBUG:urllib3.connectionpool:http://cotacoes.economia.uol.com.br:80 "GET /ws/asset/884/intraday?size=600&callback=uolfinancecallback0 HTTP/1.1" 200 None
DEBUG:root:All ready to save ITUB4.SA on data base.
DEBUG:root:ITUB4.SA save -> data base.
DEBUG:urllib3.connectionpool:Starting new HTTP connection (1): cotacoes.economia.uol.com.br:80
DEBUG:urllib3.connectionpool:http://cotacoes.economia.uol.com.br:80 "GET /ws/asset/381/intraday?size=600&callback=uolfinancecallback0 HTTP/1.1" 200 None
DEBUG:root:All ready to save JBSS3.SA on data base.
DEBUG:root:JBSS3.SA save -> data base.
DEBUG:urllib3.connectionpool:Starting new HTTP connection (1): cotacoes.economia.uol.com.br:80
DEBUG:urllib3.connectionpool:http://cotacoes.economia.uol.com.br:80 "GET /ws/asset/383/intraday?size=600&callback=uolfinancecallback0 HTTP/1.1" 200 None
DEBUG:root:All ready to save JHSF3.SA on data base.
DEBUG:root:JHSF3.SA save -> data base.
DEBUG:urllib3.connectionpool:Starting new HTTP connection (1): cotacoes.economia.uol.com.br:80
DEBUG:urllib3.connectionpool:http://cotacoes.economia.uol.com.br:80 "GET /ws/asset/1015/intraday?size=600&callback=uolfinancecallback0 HTTP/1.1" 200 None
DEBUG:root:All ready to save JSLG3.SA on data base.
DEBUG:root:JSLG3.SA save -> data base.
DEBUG:urllib3.connectionpool:Starting new HTTP connection (1): cotacoes.economia.uol.com.br:80
DEBUG:urllib3.connectionpool:http://cotacoes.economia.uol.com.br:80 "GET /ws/asset/1547/intraday?size=600&callback=uolfinancecallback0 HTTP/1.1" 200 None
DEBUG:root:All ready to save KLBN11.SA on data base.
DEBUG:root:KLBN11.SA save -> data base.
DEBUG:urllib3.connectionpool:Starting new HTTP connection (1): cotacoes.economia.uol.com.br:80
DEBUG:urllib3.connectionpool:http://cotacoes.economia.uol.com.br:80 "GET /ws/asset/387/intraday?size=600&callback=uolfinancecallback0 HTTP/1.1" 200 None
DEBUG:root:All ready to save KLBN4.SA on data base.
DEBUG:root:KLBN4.SA save -> data base.
DEBUG:urllib3.connectionpool:Starting new HTTP connection (1): cotacoes.economia.uol.com.br:80
DEBUG:urllib3.connectionpool:http://cotacoes.economia.uol.com.br:80 "GET /ws/asset/394/intraday?size=600&callback=uolfinancecallback0 HTTP/1.1" 200 None
DEBUG:root:All ready to save LAME4.SA on data base.
DEBUG:root:LAME4.SA save -> data base.
DEBUG:urllib3.connectionpool:Starting new HTTP connection (1): cotacoes.economia.uol.com.br:80
DEBUG:urllib3.connectionpool:http://cotacoes.economia.uol.com.br:80 "GET /ws/asset/1294/intraday?size=600&callback=uolfinancecallback0 HTTP/1.1" 200 None
DEBUG:root:All ready to save LCAM3.SA on data base.
DEBUG:root:LCAM3.SA save -> data base.
DEBUG:urllib3.connectionpool:Starting new HTTP connection (1): cotacoes.economia.uol.com.br:80
DEBUG:urllib3.connectionpool:http://cotacoes.economia.uol.com.br:80 "GET /ws/asset/402/intraday?size=600&callback=uolfinancecallback0 HTTP/1.1" 200 None
DEBUG:root:All ready to save LEVE3.SA on data base.
DEBUG:root:LEVE3.SA save -> data base.
DEBUG:urllib3.connectionpool:Starting new HTTP connection (1): cotacoes.economia.uol.com.br:80
DEBUG:urllib3.connectionpool:http://cotacoes.economia.uol.com.br:80 "GET /ws/asset/409/intraday?size=600&callback=uolfinancecallback0 HTTP/1.1" 200 None
DEBUG:root:All ready to save LIGT3.SA on data base.
DEBUG:root:LIGT3.SA save -> data base.
DEBUG:urllib3.connectionpool:Starting new HTTP connection (1): cotacoes.economia.uol.com.br:80
DEBUG:urllib3.connectionpool:http://cotacoes.economia.uol.com.br:80 "GET /ws/asset/1404/intraday?size=600&callback=uolfinancecallback0 HTTP/1.1" 200 None
DEBUG:root:All ready to save LINX3.SA on data base.
DEBUG:root:LINX3.SA save -> data base.
DEBUG:urllib3.connectionpool:Starting new HTTP connection (1): cotacoes.economia.uol.com.br:80
DEBUG:urllib3.connectionpool:http://cotacoes.economia.uol.com.br:80 "GET /ws/asset/414/intraday?size=600&callback=uolfinancecallback0 HTTP/1.1" 200 None
DEBUG:root:All ready to save LOGN3.SA on data base.
DEBUG:root:LOGN3.SA save -> data base.
DEBUG:urllib3.connectionpool:Starting new HTTP connection (1): cotacoes.economia.uol.com.br:80
DEBUG:urllib3.connectionpool:http://cotacoes.economia.uol.com.br:80 "GET /ws/asset/416/intraday?size=600&callback=uolfinancecallback0 HTTP/1.1" 200 None
DEBUG:root:All ready to save LREN3.SA on data base.
DEBUG:root:LREN3.SA save -> data base.
DEBUG:urllib3.connectionpool:Starting new HTTP connection (1): cotacoes.economia.uol.com.br:80
DEBUG:urllib3.connectionpool:http://cotacoes.economia.uol.com.br:80 "GET /ws/asset/424/intraday?size=600&callback=uolfinancecallback0 HTTP/1.1" 200 None
DEBUG:root:All ready to save MDIA3.SA on data base.
DEBUG:root:MDIA3.SA save -> data base.
DEBUG:urllib3.connectionpool:Starting new HTTP connection (1): cotacoes.economia.uol.com.br:80
DEBUG:urllib3.connectionpool:http://cotacoes.economia.uol.com.br:80 "GET /ws/asset/1674/intraday?size=600&callback=uolfinancecallback0 HTTP/1.1" 200 None
DEBUG:root:All ready to save MEAL3.SA on data base.
DEBUG:root:MEAL3.SA save -> data base.
DEBUG:urllib3.connectionpool:Starting new HTTP connection (1): cotacoes.economia.uol.com.br:80
DEBUG:urllib3.connectionpool:http://cotacoes.economia.uol.com.br:80 "GET /ws/asset/1183/intraday?size=600&callback=uolfinancecallback0 HTTP/1.1" 200 None
DEBUG:root:All ready to save MGLU3.SA on data base.
DEBUG:root:MGLU3.SA save -> data base.
DEBUG:urllib3.connectionpool:Starting new HTTP connection (1): cotacoes.economia.uol.com.br:80
DEBUG:urllib3.connectionpool:http://cotacoes.economia.uol.com.br:80 "GET /ws/asset/1014/intraday?size=600&callback=uolfinancecallback0 HTTP/1.1" 200 None
DEBUG:root:All ready to save MILS3.SA on data base.
DEBUG:root:MILS3.SA save -> data base.
DEBUG:urllib3.connectionpool:Starting new HTTP connection (1): cotacoes.economia.uol.com.br:80
DEBUG:urllib3.connectionpool:http://cotacoes.economia.uol.com.br:80 "GET /ws/asset/1867/intraday?size=600&callback=uolfinancecallback0 HTTP/1.1" 200 None
DEBUG:root:All ready to save MOVI3.SA on data base.
DEBUG:root:MOVI3.SA save -> data base.
DEBUG:urllib3.connectionpool:Starting new HTTP connection (1): cotacoes.economia.uol.com.br:80
DEBUG:urllib3.connectionpool:http://cotacoes.economia.uol.com.br:80 "GET /ws/asset/448/intraday?size=600&callback=uolfinancecallback0 HTTP/1.1" 200 None
DEBUG:root:All ready to save MRFG3.SA on data base.
DEBUG:root:MRFG3.SA save -> data base.
DEBUG:urllib3.connectionpool:Starting new HTTP connection (1): cotacoes.economia.uol.com.br:80
DEBUG:urllib3.connectionpool:http://cotacoes.economia.uol.com.br:80 "GET /ws/asset/451/intraday?size=600&callback=uolfinancecallback0 HTTP/1.1" 200 None
DEBUG:root:All ready to save MRVE3.SA on data base.
DEBUG:root:MRVE3.SA save -> data base.
DEBUG:urllib3.connectionpool:Starting new HTTP connection (1): cotacoes.economia.uol.com.br:80
DEBUG:urllib3.connectionpool:http://cotacoes.economia.uol.com.br:80 "GET /ws/asset/461/intraday?size=600&callback=uolfinancecallback0 HTTP/1.1" 200 None
DEBUG:root:All ready to save MYPK3.SA on data base.
DEBUG:root:MYPK3.SA save -> data base.
DEBUG:urllib3.connectionpool:Starting new HTTP connection (1): cotacoes.economia.uol.com.br:80
DEBUG:urllib3.connectionpool:http://cotacoes.economia.uol.com.br:80 "GET /ws/asset/2178/intraday?size=600&callback=uolfinancecallback0 HTTP/1.1" 200 None
DEBUG:root:All ready to save NEOE3.SA on data base.
DEBUG:root:NEOE3.SA save -> data base.
DEBUG:urllib3.connectionpool:Starting new HTTP connection (1): cotacoes.economia.uol.com.br:80
DEBUG:urllib3.connectionpool:http://cotacoes.economia.uol.com.br:80 "GET /ws/asset/2522/intraday?size=600&callback=uolfinancecallback0 HTTP/1.1" 200 None
DEBUG:root:All ready to save NTCO3.SA on data base.
DEBUG:root:NTCO3.SA save -> data base.
DEBUG:urllib3.connectionpool:Starting new HTTP connection (1): cotacoes.economia.uol.com.br:80
DEBUG:urllib3.connectionpool:http://cotacoes.economia.uol.com.br:80 "GET /ws/asset/474/intraday?size=600&callback=uolfinancecallback0 HTTP/1.1" 200 None
DEBUG:root:All ready to save ODPV3.SA on data base.
DEBUG:root:ODPV3.SA save -> data base.
DEBUG:urllib3.connectionpool:Starting new HTTP connection (1): cotacoes.economia.uol.com.br:80
DEBUG:urllib3.connectionpool:http://cotacoes.economia.uol.com.br:80 "GET /ws/asset/1286/intraday?size=600&callback=uolfinancecallback0 HTTP/1.1" 200 None
DEBUG:root:All ready to save OIBR3.SA on data base.
DEBUG:root:OIBR3.SA save -> data base.
DEBUG:urllib3.connectionpool:Starting new HTTP connection (1): cotacoes.economia.uol.com.br:80
DEBUG:urllib3.connectionpool:http://cotacoes.economia.uol.com.br:80 "GET /ws/asset/1915/intraday?size=600&callback=uolfinancecallback0 HTTP/1.1" 200 None
DEBUG:root:All ready to save OMGE3.SA on data base.
DEBUG:root:OMGE3.SA save -> data base.
DEBUG:urllib3.connectionpool:Starting new HTTP connection (1): cotacoes.economia.uol.com.br:80
DEBUG:urllib3.connectionpool:http://cotacoes.economia.uol.com.br:80 "GET /ws/asset/1868/intraday?size=600&callback=uolfinancecallback0 HTTP/1.1" 200 None
DEBUG:root:All ready to save PARD3.SA on data base.
DEBUG:root:PARD3.SA save -> data base.
DEBUG:urllib3.connectionpool:Starting new HTTP connection (1): cotacoes.economia.uol.com.br:80
DEBUG:urllib3.connectionpool:http://cotacoes.economia.uol.com.br:80 "GET /ws/asset/484/intraday?size=600&callback=uolfinancecallback0 HTTP/1.1" 200 None
DEBUG:root:All ready to save PETR4.SA on data base.
DEBUG:root:PETR4.SA save -> data base.
DEBUG:urllib3.connectionpool:Starting new HTTP connection (1): cotacoes.economia.uol.com.br:80
DEBUG:urllib3.connectionpool:http://cotacoes.economia.uol.com.br:80 "GET /ws/asset/500/intraday?size=600&callback=uolfinancecallback0 HTTP/1.1" 200 None
DEBUG:root:All ready to save POMO4.SA on data base.
DEBUG:root:POMO4.SA save -> data base.
DEBUG:urllib3.connectionpool:Starting new HTTP connection (1): cotacoes.economia.uol.com.br:80
DEBUG:urllib3.connectionpool:http://cotacoes.economia.uol.com.br:80 "GET /ws/asset/1686/intraday?size=600&callback=uolfinancecallback0 HTTP/1.1" 200 None
DEBUG:root:All ready to save PRIO3.SA on data base.
DEBUG:root:PRIO3.SA save -> data base.
DEBUG:urllib3.connectionpool:Starting new HTTP connection (1): cotacoes.economia.uol.com.br:80
DEBUG:urllib3.connectionpool:http://cotacoes.economia.uol.com.br:80 "GET /ws/asset/513/intraday?size=600&callback=uolfinancecallback0 HTTP/1.1" 200 None
DEBUG:root:All ready to save PSSA3.SA on data base.
DEBUG:root:PSSA3.SA save -> data base.
DEBUG:urllib3.connectionpool:Starting new HTTP connection (1): cotacoes.economia.uol.com.br:80
DEBUG:urllib3.connectionpool:http://cotacoes.economia.uol.com.br:80 "GET /ws/asset/1209/intraday?size=600&callback=uolfinancecallback0 HTTP/1.1" 200 None
DEBUG:root:All ready to save QUAL3.SA on data base.
DEBUG:root:QUAL3.SA save -> data base.
DEBUG:urllib3.connectionpool:Starting new HTTP connection (1): cotacoes.economia.uol.com.br:80
DEBUG:urllib3.connectionpool:http://cotacoes.economia.uol.com.br:80 "GET /ws/asset/1257/intraday?size=600&callback=uolfinancecallback0 HTTP/1.1" 200 None
DEBUG:root:All ready to save RADL3.SA on data base.
DEBUG:root:RADL3.SA save -> data base.
DEBUG:urllib3.connectionpool:Starting new HTTP connection (1): cotacoes.economia.uol.com.br:80
DEBUG:urllib3.connectionpool:http://cotacoes.economia.uol.com.br:80 "GET /ws/asset/1877/intraday?size=600&callback=uolfinancecallback0 HTTP/1.1" 200 None
DEBUG:root:All ready to save RAIL3.SA on data base.
DEBUG:root:RAIL3.SA save -> data base.
DEBUG:urllib3.connectionpool:Starting new HTTP connection (1): cotacoes.economia.uol.com.br:80
DEBUG:urllib3.connectionpool:http://cotacoes.economia.uol.com.br:80 "GET /ws/asset/522/intraday?size=600&callback=uolfinancecallback0 HTTP/1.1" 200 None
DEBUG:root:All ready to save RAPT4.SA on data base.
DEBUG:root:RAPT4.SA save -> data base.
DEBUG:urllib3.connectionpool:Starting new HTTP connection (1): cotacoes.economia.uol.com.br:80
DEBUG:urllib3.connectionpool:http://cotacoes.economia.uol.com.br:80 "GET /ws/asset/531/intraday?size=600&callback=uolfinancecallback0 HTTP/1.1" 200 None
DEBUG:root:All ready to save RENT3.SA on data base.
DEBUG:root:RENT3.SA save -> data base.
DEBUG:urllib3.connectionpool:Starting new HTTP connection (1): cotacoes.economia.uol.com.br:80
DEBUG:urllib3.connectionpool:http://cotacoes.economia.uol.com.br:80 "GET /ws/asset/936/intraday?size=600&callback=uolfinancecallback0 HTTP/1.1" 200 None
DEBUG:root:All ready to save SANB11.SA on data base.
DEBUG:root:SANB11.SA save -> data base.
DEBUG:urllib3.connectionpool:Starting new HTTP connection (1): cotacoes.economia.uol.com.br:80
DEBUG:urllib3.connectionpool:http://cotacoes.economia.uol.com.br:80 "GET /ws/asset/1938/intraday?size=600&callback=uolfinancecallback0 HTTP/1.1" 200 None
DEBUG:root:All ready to save SAPR11.SA on data base.
DEBUG:root:SAPR11.SA save -> data base.
DEBUG:urllib3.connectionpool:Starting new HTTP connection (1): cotacoes.economia.uol.com.br:80
DEBUG:urllib3.connectionpool:http://cotacoes.economia.uol.com.br:80 "GET /ws/asset/550/intraday?size=600&callback=uolfinancecallback0 HTTP/1.1" 200 None
DEBUG:root:All ready to save SAPR4.SA on data base.
DEBUG:root:SAPR4.SA save -> data base.
DEBUG:urllib3.connectionpool:Starting new HTTP connection (1): cotacoes.economia.uol.com.br:80
DEBUG:urllib3.connectionpool:http://cotacoes.economia.uol.com.br:80 "GET /ws/asset/552/intraday?size=600&callback=uolfinancecallback0 HTTP/1.1" 200 None
DEBUG:root:All ready to save SBSP3.SA on data base.
DEBUG:root:SBSP3.SA save -> data base.
DEBUG:urllib3.connectionpool:Starting new HTTP connection (1): cotacoes.economia.uol.com.br:80
DEBUG:urllib3.connectionpool:http://cotacoes.economia.uol.com.br:80 "GET /ws/asset/1544/intraday?size=600&callback=uolfinancecallback0 HTTP/1.1" 200 None
DEBUG:root:All ready to save SEER3.SA on data base.
DEBUG:root:SEER3.SA save -> data base.
DEBUG:urllib3.connectionpool:Starting new HTTP connection (1): cotacoes.economia.uol.com.br:80
DEBUG:urllib3.connectionpool:http://cotacoes.economia.uol.com.br:80 "GET /ws/asset/573/intraday?size=600&callback=uolfinancecallback0 HTTP/1.1" 200 None
DEBUG:root:All ready to save SLCE3.SA on data base.
DEBUG:root:SLCE3.SA save -> data base.
DEBUG:urllib3.connectionpool:Starting new HTTP connection (1): cotacoes.economia.uol.com.br:80
DEBUG:urllib3.connectionpool:http://cotacoes.economia.uol.com.br:80 "GET /ws/asset/1932/intraday?size=600&callback=uolfinancecallback0 HTTP/1.1" 200 None
DEBUG:root:All ready to save SMLS3.SA on data base.
DEBUG:root:SMLS3.SA save -> data base.
DEBUG:urllib3.connectionpool:Starting new HTTP connection (1): cotacoes.economia.uol.com.br:80
DEBUG:urllib3.connectionpool:http://cotacoes.economia.uol.com.br:80 "GET /ws/asset/576/intraday?size=600&callback=uolfinancecallback0 HTTP/1.1" 200 None
DEBUG:root:All ready to save SMTO3.SA on data base.
DEBUG:root:SMTO3.SA save -> data base.
DEBUG:urllib3.connectionpool:Starting new HTTP connection (1): cotacoes.economia.uol.com.br:80
DEBUG:urllib3.connectionpool:http://cotacoes.economia.uol.com.br:80 "GET /ws/asset/2063/intraday?size=600&callback=uolfinancecallback0 HTTP/1.1" 200 None
DEBUG:root:All ready to save SQIA3.SA on data base.
DEBUG:root:SQIA3.SA save -> data base.
DEBUG:urllib3.connectionpool:Starting new HTTP connection (1): cotacoes.economia.uol.com.br:80
DEBUG:urllib3.connectionpool:http://cotacoes.economia.uol.com.br:80 "GET /ws/asset/589/intraday?size=600&callback=uolfinancecallback0 HTTP/1.1" 200 None
DEBUG:root:All ready to save STBP3.SA on data base.
DEBUG:root:STBP3.SA save -> data base.
DEBUG:urllib3.connectionpool:Starting new HTTP connection (1): cotacoes.economia.uol.com.br:80
DEBUG:urllib3.connectionpool:http://cotacoes.economia.uol.com.br:80 "GET /ws/asset/595/intraday?size=600&callback=uolfinancecallback0 HTTP/1.1" 200 None
DEBUG:root:All ready to save SULA11.SA on data base.
DEBUG:root:SULA11.SA save -> data base.
DEBUG:urllib3.connectionpool:Starting new HTTP connection (1): cotacoes.economia.uol.com.br:80
DEBUG:urllib3.connectionpool:http://cotacoes.economia.uol.com.br:80 "GET /ws/asset/601/intraday?size=600&callback=uolfinancecallback0 HTTP/1.1" 200 None
DEBUG:root:All ready to save SUZB3.SA on data base.
DEBUG:root:SUZB3.SA save -> data base.
DEBUG:urllib3.connectionpool:Starting new HTTP connection (1): cotacoes.economia.uol.com.br:80
DEBUG:urllib3.connectionpool:http://cotacoes.economia.uol.com.br:80 "GET /ws/asset/1328/intraday?size=600&callback=uolfinancecallback0 HTTP/1.1" 200 None
DEBUG:root:All ready to save TAEE3.SA on data base.
DEBUG:root:TAEE3.SA save -> data base.
DEBUG:urllib3.connectionpool:Starting new HTTP connection (1): cotacoes.economia.uol.com.br:80
DEBUG:urllib3.connectionpool:http://cotacoes.economia.uol.com.br:80 "GET /ws/asset/620/intraday?size=600&callback=uolfinancecallback0 HTTP/1.1" 200 None
DEBUG:root:All ready to save TEND3.SA on data base.
DEBUG:root:TEND3.SA save -> data base.
DEBUG:urllib3.connectionpool:Starting new HTTP connection (1): cotacoes.economia.uol.com.br:80
DEBUG:urllib3.connectionpool:http://cotacoes.economia.uol.com.br:80 "GET /ws/asset/625/intraday?size=600&callback=uolfinancecallback0 HTTP/1.1" 200 None
DEBUG:root:All ready to save TGMA3.SA on data base.
DEBUG:root:TGMA3.SA save -> data base.
DEBUG:urllib3.connectionpool:Starting new HTTP connection (1): cotacoes.economia.uol.com.br:80
DEBUG:urllib3.connectionpool:http://cotacoes.economia.uol.com.br:80 "GET /ws/asset/1738/intraday?size=600&callback=uolfinancecallback0 HTTP/1.1" 200 None
DEBUG:root:All ready to save TIET11.SA on data base.
DEBUG:root:TIET11.SA save -> data base.
DEBUG:urllib3.connectionpool:Starting new HTTP connection (1): cotacoes.economia.uol.com.br:80
DEBUG:urllib3.connectionpool:http://cotacoes.economia.uol.com.br:80 "GET /ws/asset/1222/intraday?size=600&callback=uolfinancecallback0 HTTP/1.1" 200 None
DEBUG:root:All ready to save TIMP3.SA on data base.
DEBUG:root:TIMP3.SA save -> data base.
DEBUG:urllib3.connectionpool:Starting new HTTP connection (1): cotacoes.economia.uol.com.br:80
DEBUG:urllib3.connectionpool:http://cotacoes.economia.uol.com.br:80 "GET /ws/asset/649/intraday?size=600&callback=uolfinancecallback0 HTTP/1.1" 200 None
DEBUG:root:All ready to save TOTS3.SA on data base.
DEBUG:root:TOTS3.SA save -> data base.
DEBUG:urllib3.connectionpool:Starting new HTTP connection (1): cotacoes.economia.uol.com.br:80
DEBUG:urllib3.connectionpool:http://cotacoes.economia.uol.com.br:80 "GET /ws/asset/655/intraday?size=600&callback=uolfinancecallback0 HTTP/1.1" 200 None
DEBUG:root:All ready to save TRIS3.SA on data base.
DEBUG:root:TRIS3.SA save -> data base.
DEBUG:urllib3.connectionpool:Starting new HTTP connection (1): cotacoes.economia.uol.com.br:80
DEBUG:urllib3.connectionpool:http://cotacoes.economia.uol.com.br:80 "GET /ws/asset/661/intraday?size=600&callback=uolfinancecallback0 HTTP/1.1" 200 None
DEBUG:root:All ready to save TRPL4.SA on data base.
DEBUG:root:TRPL4.SA save -> data base.
DEBUG:urllib3.connectionpool:Starting new HTTP connection (1): cotacoes.economia.uol.com.br:80
DEBUG:urllib3.connectionpool:http://cotacoes.economia.uol.com.br:80 "GET /ws/asset/663/intraday?size=600&callback=uolfinancecallback0 HTTP/1.1" 200 None
DEBUG:root:All ready to save TUPY3.SA on data base.
DEBUG:root:TUPY3.SA save -> data base.
DEBUG:urllib3.connectionpool:Starting new HTTP connection (1): cotacoes.economia.uol.com.br:80
DEBUG:urllib3.connectionpool:http://cotacoes.economia.uol.com.br:80 "GET /ws/asset/674/intraday?size=600&callback=uolfinancecallback0 HTTP/1.1" 200 None
DEBUG:root:All ready to save UGPA3.SA on data base.
DEBUG:root:UGPA3.SA save -> data base.
DEBUG:urllib3.connectionpool:Starting new HTTP connection (1): cotacoes.economia.uol.com.br:80
DEBUG:urllib3.connectionpool:http://cotacoes.economia.uol.com.br:80 "GET /ws/asset/683/intraday?size=600&callback=uolfinancecallback0 HTTP/1.1" 200 None
DEBUG:root:All ready to save USIM5.SA on data base.
DEBUG:root:USIM5.SA save -> data base.
DEBUG:urllib3.connectionpool:Starting new HTTP connection (1): cotacoes.economia.uol.com.br:80
DEBUG:urllib3.connectionpool:http://cotacoes.economia.uol.com.br:80 "GET /ws/asset/775/intraday?size=600&callback=uolfinancecallback0 HTTP/1.1" 200 None
DEBUG:root:All ready to save VALE3.SA on data base.
DEBUG:root:VALE3.SA save -> data base.
DEBUG:urllib3.connectionpool:Starting new HTTP connection (1): cotacoes.economia.uol.com.br:80
DEBUG:urllib3.connectionpool:http://cotacoes.economia.uol.com.br:80 "GET /ws/asset/1238/intraday?size=600&callback=uolfinancecallback0 HTTP/1.1" 200 None
DEBUG:root:All ready to save VIVT4.SA on data base.
DEBUG:root:VIVT4.SA save -> data base.
DEBUG:urllib3.connectionpool:Starting new HTTP connection (1): cotacoes.economia.uol.com.br:80
DEBUG:urllib3.connectionpool:http://cotacoes.economia.uol.com.br:80 "GET /ws/asset/1087/intraday?size=600&callback=uolfinancecallback0 HTTP/1.1" 200 None
DEBUG:root:All ready to save VLID3.SA on data base.
DEBUG:root:VLID3.SA save -> data base.
DEBUG:urllib3.connectionpool:Starting new HTTP connection (1): cotacoes.economia.uol.com.br:80
DEBUG:urllib3.connectionpool:http://cotacoes.economia.uol.com.br:80 "GET /ws/asset/703/intraday?size=600&callback=uolfinancecallback0 HTTP/1.1" 200 None
DEBUG:root:All ready to save VULC3.SA on data base.
DEBUG:root:VULC3.SA save -> data base.
DEBUG:urllib3.connectionpool:Starting new HTTP connection (1): cotacoes.economia.uol.com.br:80
DEBUG:urllib3.connectionpool:http://cotacoes.economia.uol.com.br:80 "GET /ws/asset/1284/intraday?size=600&callback=uolfinancecallback0 HTTP/1.1" 200 None
DEBUG:root:All ready to save VVAR3.SA on data base.
DEBUG:root:VVAR3.SA save -> data base.
DEBUG:urllib3.connectionpool:Starting new HTTP connection (1): cotacoes.economia.uol.com.br:80
DEBUG:urllib3.connectionpool:http://cotacoes.economia.uol.com.br:80 "GET /ws/asset/704/intraday?size=600&callback=uolfinancecallback0 HTTP/1.1" 200 None
DEBUG:root:All ready to save WEGE3.SA on data base.
DEBUG:root:WEGE3.SA save -> data base.
DEBUG:urllib3.connectionpool:Starting new HTTP connection (1): cotacoes.economia.uol.com.br:80
DEBUG:urllib3.connectionpool:http://cotacoes.economia.uol.com.br:80 "GET /ws/asset/1897/intraday?size=600&callback=uolfinancecallback0 HTTP/1.1" 200 None
DEBUG:root:All ready to save WIZS3.SA on data base.
DEBUG:root:WIZS3.SA save -> data base.
DEBUG:urllib3.connectionpool:Starting new HTTP connection (1): cotacoes.economia.uol.com.br:80
DEBUG:urllib3.connectionpool:http://cotacoes.economia.uol.com.br:80 "GET /ws/asset/2324/intraday?size=600&callback=uolfinancecallback0 HTTP/1.1" 200 None
DEBUG:root:All ready to save YDUQ3.SA on data base.
DEBUG:root:YDUQ3.SA save -> data base.
INFO:root:----------28/04/2020 19:39:58----------------
INFO:root:Start application
INFO:root:----------28/04/2020 20:11:09----------------
INFO:root:Start application
INFO:root:----------28/04/2020 20:11:25----------------
INFO:root:Start application
DEBUG:root:Assests are listed to begin get data
DEBUG:urllib3.connectionpool:Starting new HTTP connection (1): cotacoes.economia.uol.com.br:80
DEBUG:urllib3.connectionpool:http://cotacoes.economia.uol.com.br:80 "GET /ws/asset/18/intraday?size=600&callback=uolfinancecallback0 HTTP/1.1" 200 None
DEBUG:root:All ready to save ABCB4.SA on data base.
DEBUG:root:ABCB4.SA save -> data base.
DEBUG:urllib3.connectionpool:Starting new HTTP connection (1): cotacoes.economia.uol.com.br:80
DEBUG:urllib3.connectionpool:http://cotacoes.economia.uol.com.br:80 "GET /ws/asset/1545/intraday?size=600&callback=uolfinancecallback0 HTTP/1.1" 200 None
DEBUG:root:All ready to save ABEV3.SA on data base.
DEBUG:root:ABEV3.SA save -> data base.
DEBUG:urllib3.connectionpool:Starting new HTTP connection (1): cotacoes.economia.uol.com.br:80
DEBUG:urllib3.connectionpool:http://cotacoes.economia.uol.com.br:80 "GET /ws/asset/39/intraday?size=600&callback=uolfinancecallback0 HTTP/1.1" 200 None
DEBUG:root:All ready to save ALPA4.SA on data base.
DEBUG:root:ALPA4.SA save -> data base.
DEBUG:urllib3.connectionpool:Starting new HTTP connection (1): cotacoes.economia.uol.com.br:80
DEBUG:urllib3.connectionpool:http://cotacoes.economia.uol.com.br:80 "GET /ws/asset/2329/intraday?size=600&callback=uolfinancecallback0 HTTP/1.1" 200 None
DEBUG:root:All ready to save ALSO3.SA on data base.
DEBUG:root:ALSO3.SA save -> data base.
DEBUG:urllib3.connectionpool:Starting new HTTP connection (1): cotacoes.economia.uol.com.br:80
DEBUG:urllib3.connectionpool:http://cotacoes.economia.uol.com.br:80 "GET /ws/asset/1423/intraday?size=600&callback=uolfinancecallback0 HTTP/1.1" 200 None
DEBUG:root:All ready to save ALUP11.SA on data base.
DEBUG:root:ALUP11.SA save -> data base.
DEBUG:urllib3.connectionpool:Starting new HTTP connection (1): cotacoes.economia.uol.com.br:80
DEBUG:urllib3.connectionpool:http://cotacoes.economia.uol.com.br:80 "GET /ws/asset/1044/intraday?size=600&callback=uolfinancecallback0 HTTP/1.1" 200 None
DEBUG:root:All ready to save AMAR3.SA on data base.
DEBUG:root:AMAR3.SA save -> data base.
DEBUG:urllib3.connectionpool:Starting new HTTP connection (1): cotacoes.economia.uol.com.br:80
DEBUG:urllib3.connectionpool:http://cotacoes.economia.uol.com.br:80 "GET /ws/asset/1110/intraday?size=600&callback=uolfinancecallback0 HTTP/1.1" 200 None
DEBUG:root:All ready to save ARZZ3.SA on data base.
DEBUG:root:ARZZ3.SA save -> data base.
DEBUG:urllib3.connectionpool:Starting new HTTP connection (1): cotacoes.economia.uol.com.br:80
DEBUG:urllib3.connectionpool:http://cotacoes.economia.uol.com.br:80 "GET /ws/asset/1881/intraday?size=600&callback=uolfinancecallback0 HTTP/1.1" 200 None
DEBUG:root:All ready to save AZUL4.SA on data base.
DEBUG:root:AZUL4.SA save -> data base.
DEBUG:urllib3.connectionpool:Starting new HTTP connection (1): cotacoes.economia.uol.com.br:80
DEBUG:urllib3.connectionpool:http://cotacoes.economia.uol.com.br:80 "GET /ws/asset/1978/intraday?size=600&callback=uolfinancecallback0 HTTP/1.1" 200 None
DEBUG:root:All ready to save B3SA3.SA on data base.
DEBUG:root:B3SA3.SA save -> data base.
DEBUG:urllib3.connectionpool:Starting new HTTP connection (1): cotacoes.economia.uol.com.br:80
DEBUG:urllib3.connectionpool:http://cotacoes.economia.uol.com.br:80 "GET /ws/asset/67/intraday?size=600&callback=uolfinancecallback0 HTTP/1.1" 200 None
DEBUG:root:All ready to save BBAS3.SA on data base.
DEBUG:root:BBAS3.SA save -> data base.
DEBUG:urllib3.connectionpool:Starting new HTTP connection (1): cotacoes.economia.uol.com.br:80
DEBUG:urllib3.connectionpool:http://cotacoes.economia.uol.com.br:80 "GET /ws/asset/69/intraday?size=600&callback=uolfinancecallback0 HTTP/1.1" 200 None
DEBUG:root:All ready to save BBDC4.SA on data base.
DEBUG:root:BBDC4.SA save -> data base.
DEBUG:urllib3.connectionpool:Starting new HTTP connection (1): cotacoes.economia.uol.com.br:80
DEBUG:urllib3.connectionpool:http://cotacoes.economia.uol.com.br:80 "GET /ws/asset/1427/intraday?size=600&callback=uolfinancecallback0 HTTP/1.1" 200 None
DEBUG:root:All ready to save BBSE3.SA on data base.
DEBUG:root:BBSE3.SA save -> data base.
DEBUG:urllib3.connectionpool:Starting new HTTP connection (1): cotacoes.economia.uol.com.br:80
DEBUG:urllib3.connectionpool:http://cotacoes.economia.uol.com.br:80 "GET /ws/asset/73/intraday?size=600&callback=uolfinancecallback0 HTTP/1.1" 200 None
DEBUG:root:All ready to save BEEF3.SA on data base.
DEBUG:root:BEEF3.SA save -> data base.
DEBUG:urllib3.connectionpool:Starting new HTTP connection (1): cotacoes.economia.uol.com.br:80
DEBUG:urllib3.connectionpool:http://cotacoes.economia.uol.com.br:80 "GET /ws/asset/1984/intraday?size=600&callback=uolfinancecallback0 HTTP/1.1" 200 None
DEBUG:root:All ready to save BIDI11.SA on data base.
DEBUG:root:BIDI11.SA save -> data base.
DEBUG:urllib3.connectionpool:Starting new HTTP connection (1): cotacoes.economia.uol.com.br:80
DEBUG:urllib3.connectionpool:http://cotacoes.economia.uol.com.br:80 "GET /ws/asset/1990/intraday?size=600&callback=uolfinancecallback0 HTTP/1.1" 200 None
DEBUG:root:All ready to save BIDI4.SA on data base.
DEBUG:root:BIDI4.SA save -> data base.
DEBUG:urllib3.connectionpool:Starting new HTTP connection (1): cotacoes.economia.uol.com.br:80
DEBUG:urllib3.connectionpool:http://cotacoes.economia.uol.com.br:80 "GET /ws/asset/1947/intraday?size=600&callback=uolfinancecallback0 HTTP/1.1" 200 None
DEBUG:root:All ready to save BKBR3.SA on data base.
DEBUG:root:BKBR3.SA save -> data base.
DEBUG:urllib3.connectionpool:Starting new HTTP connection (1): cotacoes.economia.uol.com.br:80
DEBUG:urllib3.connectionpool:http://cotacoes.economia.uol.com.br:80 "GET /ws/asset/1027/intraday?size=600&callback=uolfinancecallback0 HTTP/1.1" 200 None
DEBUG:root:All ready to save BOVA11.SA on data base.
DEBUG:root:BOVA11.SA save -> data base.
DEBUG:urllib3.connectionpool:Starting new HTTP connection (1): cotacoes.economia.uol.com.br:80
DEBUG:urllib3.connectionpool:http://cotacoes.economia.uol.com.br:80 "GET /ws/asset/1872/intraday?size=600&callback=uolfinancecallback0 HTTP/1.1" 200 None
DEBUG:root:All ready to save BPAC11.SA on data base.
DEBUG:root:BPAC11.SA save -> data base.
DEBUG:urllib3.connectionpool:Starting new HTTP connection (1): cotacoes.economia.uol.com.br:80
DEBUG:urllib3.connectionpool:http://cotacoes.economia.uol.com.br:80 "GET /ws/asset/1612/intraday?size=600&callback=uolfinancecallback0 HTTP/1.1" 200 None
DEBUG:root:All ready to save BPAN4.SA on data base.
DEBUG:root:BPAN4.SA save -> data base.
DEBUG:urllib3.connectionpool:Starting new HTTP connection (1): cotacoes.economia.uol.com.br:80
DEBUG:urllib3.connectionpool:http://cotacoes.economia.uol.com.br:80 "GET /ws/asset/100/intraday?size=600&callback=uolfinancecallback0 HTTP/1.1" 200 None
DEBUG:root:All ready to save BRAP4.SA on data base.
DEBUG:root:BRAP4.SA save -> data base.
DEBUG:urllib3.connectionpool:Starting new HTTP connection (1): cotacoes.economia.uol.com.br:80
DEBUG:urllib3.connectionpool:http://cotacoes.economia.uol.com.br:80 "GET /ws/asset/1945/intraday?size=600&callback=uolfinancecallback0 HTTP/1.1" 200 None
DEBUG:root:All ready to save BRDT3.SA on data base.
DEBUG:root:BRDT3.SA save -> data base.
DEBUG:urllib3.connectionpool:Starting new HTTP connection (1): cotacoes.economia.uol.com.br:80
DEBUG:urllib3.connectionpool:http://cotacoes.economia.uol.com.br:80 "GET /ws/asset/964/intraday?size=600&callback=uolfinancecallback0 HTTP/1.1" 200 None
DEBUG:root:All ready to save BRFS3.SA on data base.
DEBUG:root:BRFS3.SA save -> data base.
DEBUG:urllib3.connectionpool:Starting new HTTP connection (1): cotacoes.economia.uol.com.br:80
DEBUG:urllib3.connectionpool:http://cotacoes.economia.uol.com.br:80 "GET /ws/asset/111/intraday?size=600&callback=uolfinancecallback0 HTTP/1.1" 200 None
DEBUG:root:All ready to save BRKM5.SA on data base.
DEBUG:root:BRKM5.SA save -> data base.
DEBUG:urllib3.connectionpool:Starting new HTTP connection (1): cotacoes.economia.uol.com.br:80
DEBUG:urllib3.connectionpool:http://cotacoes.economia.uol.com.br:80 "GET /ws/asset/114/intraday?size=600&callback=uolfinancecallback0 HTTP/1.1" 200 None
DEBUG:root:All ready to save BRML3.SA on data base.
DEBUG:root:BRML3.SA save -> data base.
DEBUG:urllib3.connectionpool:Starting new HTTP connection (1): cotacoes.economia.uol.com.br:80
DEBUG:urllib3.connectionpool:http://cotacoes.economia.uol.com.br:80 "GET /ws/asset/719/intraday?size=600&callback=uolfinancecallback0 HTTP/1.1" 200 None
DEBUG:root:All ready to save BRPR3.SA on data base.
DEBUG:root:BRPR3.SA save -> data base.
DEBUG:urllib3.connectionpool:Starting new HTTP connection (1): cotacoes.economia.uol.com.br:80
DEBUG:urllib3.connectionpool:http://cotacoes.economia.uol.com.br:80 "GET /ws/asset/115/intraday?size=600&callback=uolfinancecallback0 HTTP/1.1" 200 None
DEBUG:root:All ready to save BRSR6.SA on data base.
DEBUG:root:BRSR6.SA save -> data base.
DEBUG:urllib3.connectionpool:Starting new HTTP connection (1): cotacoes.economia.uol.com.br:80
DEBUG:urllib3.connectionpool:http://cotacoes.economia.uol.com.br:80 "GET /ws/asset/133/intraday?size=600&callback=uolfinancecallback0 HTTP/1.1" 200 None
DEBUG:root:All ready to save BTOW3.SA on data base.
DEBUG:root:BTOW3.SA save -> data base.
DEBUG:urllib3.connectionpool:Starting new HTTP connection (1): cotacoes.economia.uol.com.br:80
DEBUG:urllib3.connectionpool:http://cotacoes.economia.uol.com.br:80 "GET /ws/asset/1926/intraday?size=600&callback=uolfinancecallback0 HTTP/1.1" 200 None
DEBUG:root:All ready to save CAML3.SA on data base.
DEBUG:root:CAML3.SA save -> data base.
DEBUG:urllib3.connectionpool:Starting new HTTP connection (1): cotacoes.economia.uol.com.br:80
DEBUG:urllib3.connectionpool:http://cotacoes.economia.uol.com.br:80 "GET /ws/asset/159/intraday?size=600&callback=uolfinancecallback0 HTTP/1.1" 200 None
DEBUG:root:All ready to save CCRO3.SA on data base.
DEBUG:root:CCRO3.SA save -> data base.
DEBUG:urllib3.connectionpool:Starting new HTTP connection (1): cotacoes.economia.uol.com.br:80
DEBUG:urllib3.connectionpool:http://cotacoes.economia.uol.com.br:80 "GET /ws/asset/2395/intraday?size=600&callback=uolfinancecallback0 HTTP/1.1" 200 None
DEBUG:root:All ready to save CEAB3.SA on data base.
DEBUG:root:CEAB3.SA save -> data base.
DEBUG:urllib3.connectionpool:Starting new HTTP connection (1): cotacoes.economia.uol.com.br:80
DEBUG:urllib3.connectionpool:http://cotacoes.economia.uol.com.br:80 "GET /ws/asset/179/intraday?size=600&callback=uolfinancecallback0 HTTP/1.1" 200 None
DEBUG:root:All ready to save CESP6.SA on data base.
DEBUG:root:CESP6.SA save -> data base.
DEBUG:urllib3.connectionpool:Starting new HTTP connection (1): cotacoes.economia.uol.com.br:80
DEBUG:urllib3.connectionpool:http://cotacoes.economia.uol.com.br:80 "GET /ws/asset/966/intraday?size=600&callback=uolfinancecallback0 HTTP/1.1" 200 None
DEBUG:root:All ready to save CIEL3.SA on data base.
DEBUG:root:CIEL3.SA save -> data base.
DEBUG:urllib3.connectionpool:Starting new HTTP connection (1): cotacoes.economia.uol.com.br:80
DEBUG:urllib3.connectionpool:http://cotacoes.economia.uol.com.br:80 "GET /ws/asset/192/intraday?size=600&callback=uolfinancecallback0 HTTP/1.1" 200 None
DEBUG:root:All ready to save CMIG4.SA on data base.
DEBUG:root:CMIG4.SA save -> data base.
DEBUG:urllib3.connectionpool:Starting new HTTP connection (1): cotacoes.economia.uol.com.br:80
DEBUG:urllib3.connectionpool:http://cotacoes.economia.uol.com.br:80 "GET /ws/asset/2072/intraday?size=600&callback=uolfinancecallback0 HTTP/1.1" 200 None
DEBUG:root:All ready to save CNTO3.SA on data base.
DEBUG:root:CNTO3.SA save -> data base.
DEBUG:urllib3.connectionpool:Starting new HTTP connection (1): cotacoes.economia.uol.com.br:80
DEBUG:urllib3.connectionpool:http://cotacoes.economia.uol.com.br:80 "GET /ws/asset/202/intraday?size=600&callback=uolfinancecallback0 HTTP/1.1" 200 None
DEBUG:root:All ready to save CPFE3.SA on data base.
DEBUG:root:CPFE3.SA save -> data base.
DEBUG:urllib3.connectionpool:Starting new HTTP connection (1): cotacoes.economia.uol.com.br:80
DEBUG:urllib3.connectionpool:http://cotacoes.economia.uol.com.br:80 "GET /ws/asset/204/intraday?size=600&callback=uolfinancecallback0 HTTP/1.1" 200 None
DEBUG:root:All ready to save CPLE3.SA on data base.
DEBUG:root:CPLE3.SA save -> data base.
DEBUG:urllib3.connectionpool:Starting new HTTP connection (1): cotacoes.economia.uol.com.br:80
DEBUG:urllib3.connectionpool:http://cotacoes.economia.uol.com.br:80 "GET /ws/asset/205/intraday?size=600&callback=uolfinancecallback0 HTTP/1.1" 200 None
DEBUG:root:All ready to save CPLE6.SA on data base.
DEBUG:root:CPLE6.SA save -> data base.
DEBUG:urllib3.connectionpool:Starting new HTTP connection (1): cotacoes.economia.uol.com.br:80
DEBUG:urllib3.connectionpool:http://cotacoes.economia.uol.com.br:80 "GET /ws/asset/1909/intraday?size=600&callback=uolfinancecallback0 HTTP/1.1" 200 None
DEBUG:root:All ready to save CRFB3.SA on data base.
DEBUG:root:CRFB3.SA save -> data base.
DEBUG:urllib3.connectionpool:Starting new HTTP connection (1): cotacoes.economia.uol.com.br:80
DEBUG:urllib3.connectionpool:http://cotacoes.economia.uol.com.br:80 "GET /ws/asset/219/intraday?size=600&callback=uolfinancecallback0 HTTP/1.1" 200 None
DEBUG:root:All ready to save CSAN3.SA on data base.
DEBUG:root:CSAN3.SA save -> data base.
DEBUG:urllib3.connectionpool:Starting new HTTP connection (1): cotacoes.economia.uol.com.br:80
DEBUG:urllib3.connectionpool:http://cotacoes.economia.uol.com.br:80 "GET /ws/asset/221/intraday?size=600&callback=uolfinancecallback0 HTTP/1.1" 200 None
DEBUG:root:All ready to save CSMG3.SA on data base.
DEBUG:root:CSMG3.SA save -> data base.
DEBUG:urllib3.connectionpool:Starting new HTTP connection (1): cotacoes.economia.uol.com.br:80
DEBUG:urllib3.connectionpool:http://cotacoes.economia.uol.com.br:80 "GET /ws/asset/222/intraday?size=600&callback=uolfinancecallback0 HTTP/1.1" 200 None
DEBUG:root:All ready to save CSNA3.SA on data base.
DEBUG:root:CSNA3.SA save -> data base.
DEBUG:urllib3.connectionpool:Starting new HTTP connection (1): cotacoes.economia.uol.com.br:80
DEBUG:urllib3.connectionpool:http://cotacoes.economia.uol.com.br:80 "GET /ws/asset/1550/intraday?size=600&callback=uolfinancecallback0 HTTP/1.1" 200 None
DEBUG:root:All ready to save CVCB3.SA on data base.
DEBUG:root:CVCB3.SA save -> data base.
DEBUG:urllib3.connectionpool:Starting new HTTP connection (1): cotacoes.economia.uol.com.br:80
DEBUG:urllib3.connectionpool:http://cotacoes.economia.uol.com.br:80 "GET /ws/asset/956/intraday?size=600&callback=uolfinancecallback0 HTTP/1.1" 200 None
DEBUG:root:All ready to save DIRR3.SA on data base.
DEBUG:root:DIRR3.SA save -> data base.
DEBUG:urllib3.connectionpool:Starting new HTTP connection (1): cotacoes.economia.uol.com.br:80
DEBUG:urllib3.connectionpool:http://cotacoes.economia.uol.com.br:80 "GET /ws/asset/939/intraday?size=600&callback=uolfinancecallback0 HTTP/1.1" 200 None
DEBUG:root:All ready to save DTEX3.SA on data base.
DEBUG:root:DTEX3.SA save -> data base.
DEBUG:urllib3.connectionpool:Starting new HTTP connection (1): cotacoes.economia.uol.com.br:80
DEBUG:urllib3.connectionpool:http://cotacoes.economia.uol.com.br:80 "GET /ws/asset/1005/intraday?size=600&callback=uolfinancecallback0 HTTP/1.1" 200 None
DEBUG:root:All ready to save ECOR3.SA on data base.
DEBUG:root:ECOR3.SA save -> data base.
DEBUG:urllib3.connectionpool:Starting new HTTP connection (1): cotacoes.economia.uol.com.br:80
DEBUG:urllib3.connectionpool:http://cotacoes.economia.uol.com.br:80 "GET /ws/asset/1802/intraday?size=600&callback=uolfinancecallback0 HTTP/1.1" 200 None
DEBUG:root:All ready to save EGIE3.SA on data base.
DEBUG:root:EGIE3.SA save -> data base.
DEBUG:urllib3.connectionpool:Starting new HTTP connection (1): cotacoes.economia.uol.com.br:80
DEBUG:urllib3.connectionpool:http://cotacoes.economia.uol.com.br:80 "GET /ws/asset/274/intraday?size=600&callback=uolfinancecallback0 HTTP/1.1" 200 None
DEBUG:root:All ready to save ELET3.SA on data base.
DEBUG:root:ELET3.SA save -> data base.
DEBUG:urllib3.connectionpool:Starting new HTTP connection (1): cotacoes.economia.uol.com.br:80
DEBUG:urllib3.connectionpool:http://cotacoes.economia.uol.com.br:80 "GET /ws/asset/273/intraday?size=600&callback=uolfinancecallback0 HTTP/1.1" 200 None
DEBUG:root:All ready to save ELET6.SA on data base.
DEBUG:root:ELET6.SA save -> data base.
DEBUG:urllib3.connectionpool:Starting new HTTP connection (1): cotacoes.economia.uol.com.br:80
DEBUG:urllib3.connectionpool:http://cotacoes.economia.uol.com.br:80 "GET /ws/asset/283/intraday?size=600&callback=uolfinancecallback0 HTTP/1.1" 200 None
DEBUG:root:All ready to save EMBR3.SA on data base.
DEBUG:root:EMBR3.SA save -> data base.
DEBUG:urllib3.connectionpool:Starting new HTTP connection (1): cotacoes.economia.uol.com.br:80
DEBUG:urllib3.connectionpool:http://cotacoes.economia.uol.com.br:80 "GET /ws/asset/2074/intraday?size=600&callback=uolfinancecallback0 HTTP/1.1" 200 None
DEBUG:root:All ready to save ENAT3.SA on data base.
DEBUG:root:ENAT3.SA save -> data base.
DEBUG:urllib3.connectionpool:Starting new HTTP connection (1): cotacoes.economia.uol.com.br:80
DEBUG:urllib3.connectionpool:http://cotacoes.economia.uol.com.br:80 "GET /ws/asset/284/intraday?size=600&callback=uolfinancecallback0 HTTP/1.1" 200 None
DEBUG:root:All ready to save ENBR3.SA on data base.
DEBUG:root:ENBR3.SA save -> data base.
DEBUG:urllib3.connectionpool:Starting new HTTP connection (1): cotacoes.economia.uol.com.br:80
DEBUG:urllib3.connectionpool:http://cotacoes.economia.uol.com.br:80 "GET /ws/asset/447/intraday?size=600&callback=uolfinancecallback0 HTTP/1.1" 200 None
DEBUG:root:All ready to save ENEV3.SA on data base.
DEBUG:root:ENEV3.SA save -> data base.
DEBUG:urllib3.connectionpool:Starting new HTTP connection (1): cotacoes.economia.uol.com.br:80
DEBUG:urllib3.connectionpool:http://cotacoes.economia.uol.com.br:80 "GET /ws/asset/950/intraday?size=600&callback=uolfinancecallback0 HTTP/1.1" 200 None
DEBUG:root:All ready to save ENGI11.SA on data base.
DEBUG:root:ENGI11.SA save -> data base.
DEBUG:urllib3.connectionpool:Starting new HTTP connection (1): cotacoes.economia.uol.com.br:80
DEBUG:urllib3.connectionpool:http://cotacoes.economia.uol.com.br:80 "GET /ws/asset/294/intraday?size=600&callback=uolfinancecallback0 HTTP/1.1" 200 None
DEBUG:root:All ready to save EVEN3.SA on data base.
DEBUG:root:EVEN3.SA save -> data base.
DEBUG:urllib3.connectionpool:Starting new HTTP connection (1): cotacoes.economia.uol.com.br:80
DEBUG:urllib3.connectionpool:http://cotacoes.economia.uol.com.br:80 "GET /ws/asset/295/intraday?size=600&callback=uolfinancecallback0 HTTP/1.1" 200 None
DEBUG:root:All ready to save EZTC3.SA on data base.
DEBUG:root:EZTC3.SA save -> data base.
DEBUG:urllib3.connectionpool:Starting new HTTP connection (1): cotacoes.economia.uol.com.br:80
DEBUG:urllib3.connectionpool:http://cotacoes.economia.uol.com.br:80 "GET /ws/asset/967/intraday?size=600&callback=uolfinancecallback0 HTTP/1.1" 200 None
DEBUG:root:All ready to save FLRY3.SA on data base.
DEBUG:root:FLRY3.SA save -> data base.
DEBUG:urllib3.connectionpool:Starting new HTTP connection (1): cotacoes.economia.uol.com.br:80
DEBUG:urllib3.connectionpool:http://cotacoes.economia.uol.com.br:80 "GET /ws/asset/325/intraday?size=600&callback=uolfinancecallback0 HTTP/1.1" 200 None
DEBUG:root:All ready to save GFSA3.SA on data base.
DEBUG:root:GFSA3.SA save -> data base.
DEBUG:urllib3.connectionpool:Starting new HTTP connection (1): cotacoes.economia.uol.com.br:80
DEBUG:urllib3.connectionpool:http://cotacoes.economia.uol.com.br:80 "GET /ws/asset/327/intraday?size=600&callback=uolfinancecallback0 HTTP/1.1" 200 None
DEBUG:root:All ready to save GGBR4.SA on data base.
DEBUG:root:GGBR4.SA save -> data base.
DEBUG:urllib3.connectionpool:Starting new HTTP connection (1): cotacoes.economia.uol.com.br:80
DEBUG:urllib3.connectionpool:http://cotacoes.economia.uol.com.br:80 "GET /ws/asset/1981/intraday?size=600&callback=uolfinancecallback0 HTTP/1.1" 200 None
DEBUG:root:All ready to save GNDI3.SA on data base.
DEBUG:root:GNDI3.SA save -> data base.
DEBUG:urllib3.connectionpool:Starting new HTTP connection (1): cotacoes.economia.uol.com.br:80
DEBUG:urllib3.connectionpool:http://cotacoes.economia.uol.com.br:80 "GET /ws/asset/330/intraday?size=600&callback=uolfinancecallback0 HTTP/1.1" 200 None
DEBUG:root:All ready to save GOAU4.SA on data base.
DEBUG:root:GOAU4.SA save -> data base.
DEBUG:urllib3.connectionpool:Starting new HTTP connection (1): cotacoes.economia.uol.com.br:80
DEBUG:urllib3.connectionpool:http://cotacoes.economia.uol.com.br:80 "GET /ws/asset/332/intraday?size=600&callback=uolfinancecallback0 HTTP/1.1" 200 None
DEBUG:root:All ready to save GOLL4.SA on data base.
DEBUG:root:GOLL4.SA save -> data base.
DEBUG:urllib3.connectionpool:Starting new HTTP connection (1): cotacoes.economia.uol.com.br:80
DEBUG:urllib3.connectionpool:http://cotacoes.economia.uol.com.br:80 "GET /ws/asset/335/intraday?size=600&callback=uolfinancecallback0 HTTP/1.1" 200 None
DEBUG:root:All ready to save GRND3.SA on data base.
DEBUG:root:GRND3.SA save -> data base.
DEBUG:urllib3.connectionpool:Starting new HTTP connection (1): cotacoes.economia.uol.com.br:80
DEBUG:urllib3.connectionpool:http://cotacoes.economia.uol.com.br:80 "GET /ws/asset/339/intraday?size=600&callback=uolfinancecallback0 HTTP/1.1" 200 None
DEBUG:root:All ready to save GUAR3.SA on data base.
DEBUG:root:GUAR3.SA save -> data base.
DEBUG:urllib3.connectionpool:Starting new HTTP connection (1): cotacoes.economia.uol.com.br:80
DEBUG:urllib3.connectionpool:http://cotacoes.economia.uol.com.br:80 "GET /ws/asset/1983/intraday?size=600&callback=uolfinancecallback0 HTTP/1.1" 200 None
DEBUG:root:All ready to save HAPV3.SA on data base.
DEBUG:root:HAPV3.SA save -> data base.
DEBUG:urllib3.connectionpool:Starting new HTTP connection (1): cotacoes.economia.uol.com.br:80
DEBUG:urllib3.connectionpool:http://cotacoes.economia.uol.com.br:80 "GET /ws/asset/344/intraday?size=600&callback=uolfinancecallback0 HTTP/1.1" 200 None
DEBUG:root:All ready to save HBOR3.SA on data base.
DEBUG:root:HBOR3.SA save -> data base.
DEBUG:urllib3.connectionpool:Starting new HTTP connection (1): cotacoes.economia.uol.com.br:80
DEBUG:urllib3.connectionpool:http://cotacoes.economia.uol.com.br:80 "GET /ws/asset/350/intraday?size=600&callback=uolfinancecallback0 HTTP/1.1" 200 None
DEBUG:root:All ready to save HGTX3.SA on data base.
DEBUG:root:HGTX3.SA save -> data base.
DEBUG:urllib3.connectionpool:Starting new HTTP connection (1): cotacoes.economia.uol.com.br:80
DEBUG:urllib3.connectionpool:http://cotacoes.economia.uol.com.br:80 "GET /ws/asset/353/intraday?size=600&callback=uolfinancecallback0 HTTP/1.1" 200 None
DEBUG:root:All ready to save HYPE3.SA on data base.
DEBUG:root:HYPE3.SA save -> data base.
DEBUG:urllib3.connectionpool:Starting new HTTP connection (1): cotacoes.economia.uol.com.br:80
DEBUG:urllib3.connectionpool:http://cotacoes.economia.uol.com.br:80 "GET /ws/asset/361/intraday?size=600&callback=uolfinancecallback0 HTTP/1.1" 200 None
DEBUG:root:All ready to save IGTA3.SA on data base.
DEBUG:root:IGTA3.SA save -> data base.
DEBUG:urllib3.connectionpool:Starting new HTTP connection (1): cotacoes.economia.uol.com.br:80
DEBUG:urllib3.connectionpool:http://cotacoes.economia.uol.com.br:80 "GET /ws/asset/1914/intraday?size=600&callback=uolfinancecallback0 HTTP/1.1" 200 None
DEBUG:root:All ready to save IRBR3.SA on data base.
DEBUG:root:IRBR3.SA save -> data base.
DEBUG:urllib3.connectionpool:Starting new HTTP connection (1): cotacoes.economia.uol.com.br:80
DEBUG:urllib3.connectionpool:http://cotacoes.economia.uol.com.br:80 "GET /ws/asset/377/intraday?size=600&callback=uolfinancecallback0 HTTP/1.1" 200 None
DEBUG:root:All ready to save ITSA3.SA on data base.
DEBUG:root:ITSA3.SA save -> data base.
DEBUG:urllib3.connectionpool:Starting new HTTP connection (1): cotacoes.economia.uol.com.br:80
DEBUG:urllib3.connectionpool:http://cotacoes.economia.uol.com.br:80 "GET /ws/asset/376/intraday?size=600&callback=uolfinancecallback0 HTTP/1.1" 200 None
DEBUG:root:All ready to save ITSA4.SA on data base.
DEBUG:root:ITSA4.SA save -> data base.
DEBUG:urllib3.connectionpool:Starting new HTTP connection (1): cotacoes.economia.uol.com.br:80
DEBUG:urllib3.connectionpool:http://cotacoes.economia.uol.com.br:80 "GET /ws/asset/884/intraday?size=600&callback=uolfinancecallback0 HTTP/1.1" 200 None
DEBUG:root:All ready to save ITUB4.SA on data base.
DEBUG:root:ITUB4.SA save -> data base.
DEBUG:urllib3.connectionpool:Starting new HTTP connection (1): cotacoes.economia.uol.com.br:80
DEBUG:urllib3.connectionpool:http://cotacoes.economia.uol.com.br:80 "GET /ws/asset/381/intraday?size=600&callback=uolfinancecallback0 HTTP/1.1" 200 None
DEBUG:root:All ready to save JBSS3.SA on data base.
DEBUG:root:JBSS3.SA save -> data base.
DEBUG:urllib3.connectionpool:Starting new HTTP connection (1): cotacoes.economia.uol.com.br:80
DEBUG:urllib3.connectionpool:http://cotacoes.economia.uol.com.br:80 "GET /ws/asset/383/intraday?size=600&callback=uolfinancecallback0 HTTP/1.1" 200 None
DEBUG:root:All ready to save JHSF3.SA on data base.
DEBUG:root:JHSF3.SA save -> data base.
DEBUG:urllib3.connectionpool:Starting new HTTP connection (1): cotacoes.economia.uol.com.br:80
DEBUG:urllib3.connectionpool:http://cotacoes.economia.uol.com.br:80 "GET /ws/asset/1015/intraday?size=600&callback=uolfinancecallback0 HTTP/1.1" 200 None
DEBUG:root:All ready to save JSLG3.SA on data base.
DEBUG:root:JSLG3.SA save -> data base.
DEBUG:urllib3.connectionpool:Starting new HTTP connection (1): cotacoes.economia.uol.com.br:80
DEBUG:urllib3.connectionpool:http://cotacoes.economia.uol.com.br:80 "GET /ws/asset/1547/intraday?size=600&callback=uolfinancecallback0 HTTP/1.1" 200 None
DEBUG:root:All ready to save KLBN11.SA on data base.
DEBUG:root:KLBN11.SA save -> data base.
DEBUG:urllib3.connectionpool:Starting new HTTP connection (1): cotacoes.economia.uol.com.br:80
DEBUG:urllib3.connectionpool:http://cotacoes.economia.uol.com.br:80 "GET /ws/asset/387/intraday?size=600&callback=uolfinancecallback0 HTTP/1.1" 200 None
DEBUG:root:All ready to save KLBN4.SA on data base.
DEBUG:root:KLBN4.SA save -> data base.
DEBUG:urllib3.connectionpool:Starting new HTTP connection (1): cotacoes.economia.uol.com.br:80
DEBUG:urllib3.connectionpool:http://cotacoes.economia.uol.com.br:80 "GET /ws/asset/394/intraday?size=600&callback=uolfinancecallback0 HTTP/1.1" 200 None
DEBUG:root:All ready to save LAME4.SA on data base.
DEBUG:root:LAME4.SA save -> data base.
DEBUG:urllib3.connectionpool:Starting new HTTP connection (1): cotacoes.economia.uol.com.br:80
DEBUG:urllib3.connectionpool:http://cotacoes.economia.uol.com.br:80 "GET /ws/asset/1294/intraday?size=600&callback=uolfinancecallback0 HTTP/1.1" 200 None
DEBUG:root:All ready to save LCAM3.SA on data base.
DEBUG:root:LCAM3.SA save -> data base.
DEBUG:urllib3.connectionpool:Starting new HTTP connection (1): cotacoes.economia.uol.com.br:80
DEBUG:urllib3.connectionpool:http://cotacoes.economia.uol.com.br:80 "GET /ws/asset/402/intraday?size=600&callback=uolfinancecallback0 HTTP/1.1" 200 None
DEBUG:root:All ready to save LEVE3.SA on data base.
DEBUG:root:LEVE3.SA save -> data base.
DEBUG:urllib3.connectionpool:Starting new HTTP connection (1): cotacoes.economia.uol.com.br:80
DEBUG:urllib3.connectionpool:http://cotacoes.economia.uol.com.br:80 "GET /ws/asset/409/intraday?size=600&callback=uolfinancecallback0 HTTP/1.1" 200 None
DEBUG:root:All ready to save LIGT3.SA on data base.
DEBUG:root:LIGT3.SA save -> data base.
DEBUG:urllib3.connectionpool:Starting new HTTP connection (1): cotacoes.economia.uol.com.br:80
DEBUG:urllib3.connectionpool:http://cotacoes.economia.uol.com.br:80 "GET /ws/asset/1404/intraday?size=600&callback=uolfinancecallback0 HTTP/1.1" 200 None
DEBUG:root:All ready to save LINX3.SA on data base.
DEBUG:root:LINX3.SA save -> data base.
DEBUG:urllib3.connectionpool:Starting new HTTP connection (1): cotacoes.economia.uol.com.br:80
DEBUG:urllib3.connectionpool:http://cotacoes.economia.uol.com.br:80 "GET /ws/asset/414/intraday?size=600&callback=uolfinancecallback0 HTTP/1.1" 200 None
DEBUG:root:All ready to save LOGN3.SA on data base.
DEBUG:root:LOGN3.SA save -> data base.
DEBUG:urllib3.connectionpool:Starting new HTTP connection (1): cotacoes.economia.uol.com.br:80
DEBUG:urllib3.connectionpool:http://cotacoes.economia.uol.com.br:80 "GET /ws/asset/416/intraday?size=600&callback=uolfinancecallback0 HTTP/1.1" 200 None
DEBUG:root:All ready to save LREN3.SA on data base.
DEBUG:root:LREN3.SA save -> data base.
DEBUG:urllib3.connectionpool:Starting new HTTP connection (1): cotacoes.economia.uol.com.br:80
DEBUG:urllib3.connectionpool:http://cotacoes.economia.uol.com.br:80 "GET /ws/asset/424/intraday?size=600&callback=uolfinancecallback0 HTTP/1.1" 200 None
DEBUG:root:All ready to save MDIA3.SA on data base.
DEBUG:root:MDIA3.SA save -> data base.
DEBUG:urllib3.connectionpool:Starting new HTTP connection (1): cotacoes.economia.uol.com.br:80
DEBUG:urllib3.connectionpool:http://cotacoes.economia.uol.com.br:80 "GET /ws/asset/1674/intraday?size=600&callback=uolfinancecallback0 HTTP/1.1" 200 None
DEBUG:root:All ready to save MEAL3.SA on data base.
DEBUG:root:MEAL3.SA save -> data base.
DEBUG:urllib3.connectionpool:Starting new HTTP connection (1): cotacoes.economia.uol.com.br:80
DEBUG:urllib3.connectionpool:http://cotacoes.economia.uol.com.br:80 "GET /ws/asset/1183/intraday?size=600&callback=uolfinancecallback0 HTTP/1.1" 200 None
DEBUG:root:All ready to save MGLU3.SA on data base.
DEBUG:root:MGLU3.SA save -> data base.
DEBUG:urllib3.connectionpool:Starting new HTTP connection (1): cotacoes.economia.uol.com.br:80
DEBUG:urllib3.connectionpool:http://cotacoes.economia.uol.com.br:80 "GET /ws/asset/1014/intraday?size=600&callback=uolfinancecallback0 HTTP/1.1" 200 None
DEBUG:root:All ready to save MILS3.SA on data base.
DEBUG:root:MILS3.SA save -> data base.
DEBUG:urllib3.connectionpool:Starting new HTTP connection (1): cotacoes.economia.uol.com.br:80
DEBUG:urllib3.connectionpool:http://cotacoes.economia.uol.com.br:80 "GET /ws/asset/1867/intraday?size=600&callback=uolfinancecallback0 HTTP/1.1" 200 None
DEBUG:root:All ready to save MOVI3.SA on data base.
DEBUG:root:MOVI3.SA save -> data base.
DEBUG:urllib3.connectionpool:Starting new HTTP connection (1): cotacoes.economia.uol.com.br:80
DEBUG:urllib3.connectionpool:http://cotacoes.economia.uol.com.br:80 "GET /ws/asset/448/intraday?size=600&callback=uolfinancecallback0 HTTP/1.1" 200 None
DEBUG:root:All ready to save MRFG3.SA on data base.
DEBUG:root:MRFG3.SA save -> data base.
DEBUG:urllib3.connectionpool:Starting new HTTP connection (1): cotacoes.economia.uol.com.br:80
DEBUG:urllib3.connectionpool:http://cotacoes.economia.uol.com.br:80 "GET /ws/asset/451/intraday?size=600&callback=uolfinancecallback0 HTTP/1.1" 200 None
DEBUG:root:All ready to save MRVE3.SA on data base.
DEBUG:root:MRVE3.SA save -> data base.
DEBUG:urllib3.connectionpool:Starting new HTTP connection (1): cotacoes.economia.uol.com.br:80
DEBUG:urllib3.connectionpool:http://cotacoes.economia.uol.com.br:80 "GET /ws/asset/461/intraday?size=600&callback=uolfinancecallback0 HTTP/1.1" 200 None
DEBUG:root:All ready to save MYPK3.SA on data base.
DEBUG:root:MYPK3.SA save -> data base.
DEBUG:urllib3.connectionpool:Starting new HTTP connection (1): cotacoes.economia.uol.com.br:80
DEBUG:urllib3.connectionpool:http://cotacoes.economia.uol.com.br:80 "GET /ws/asset/2178/intraday?size=600&callback=uolfinancecallback0 HTTP/1.1" 200 None
DEBUG:root:All ready to save NEOE3.SA on data base.
DEBUG:root:NEOE3.SA save -> data base.
DEBUG:urllib3.connectionpool:Starting new HTTP connection (1): cotacoes.economia.uol.com.br:80
DEBUG:urllib3.connectionpool:http://cotacoes.economia.uol.com.br:80 "GET /ws/asset/2522/intraday?size=600&callback=uolfinancecallback0 HTTP/1.1" 200 None
DEBUG:root:All ready to save NTCO3.SA on data base.
DEBUG:root:NTCO3.SA save -> data base.
DEBUG:urllib3.connectionpool:Starting new HTTP connection (1): cotacoes.economia.uol.com.br:80
DEBUG:urllib3.connectionpool:http://cotacoes.economia.uol.com.br:80 "GET /ws/asset/474/intraday?size=600&callback=uolfinancecallback0 HTTP/1.1" 200 None
DEBUG:root:All ready to save ODPV3.SA on data base.
DEBUG:root:ODPV3.SA save -> data base.
DEBUG:urllib3.connectionpool:Starting new HTTP connection (1): cotacoes.economia.uol.com.br:80
DEBUG:urllib3.connectionpool:http://cotacoes.economia.uol.com.br:80 "GET /ws/asset/1286/intraday?size=600&callback=uolfinancecallback0 HTTP/1.1" 200 None
DEBUG:root:All ready to save OIBR3.SA on data base.
DEBUG:root:OIBR3.SA save -> data base.
DEBUG:urllib3.connectionpool:Starting new HTTP connection (1): cotacoes.economia.uol.com.br:80
DEBUG:urllib3.connectionpool:http://cotacoes.economia.uol.com.br:80 "GET /ws/asset/1915/intraday?size=600&callback=uolfinancecallback0 HTTP/1.1" 200 None
DEBUG:root:All ready to save OMGE3.SA on data base.
DEBUG:root:OMGE3.SA save -> data base.
DEBUG:urllib3.connectionpool:Starting new HTTP connection (1): cotacoes.economia.uol.com.br:80
DEBUG:urllib3.connectionpool:http://cotacoes.economia.uol.com.br:80 "GET /ws/asset/1868/intraday?size=600&callback=uolfinancecallback0 HTTP/1.1" 200 None
DEBUG:root:All ready to save PARD3.SA on data base.
DEBUG:root:PARD3.SA save -> data base.
DEBUG:urllib3.connectionpool:Starting new HTTP connection (1): cotacoes.economia.uol.com.br:80
DEBUG:urllib3.connectionpool:http://cotacoes.economia.uol.com.br:80 "GET /ws/asset/484/intraday?size=600&callback=uolfinancecallback0 HTTP/1.1" 200 None
DEBUG:root:All ready to save PETR4.SA on data base.
DEBUG:root:PETR4.SA save -> data base.
DEBUG:urllib3.connectionpool:Starting new HTTP connection (1): cotacoes.economia.uol.com.br:80
DEBUG:urllib3.connectionpool:http://cotacoes.economia.uol.com.br:80 "GET /ws/asset/500/intraday?size=600&callback=uolfinancecallback0 HTTP/1.1" 200 None
DEBUG:root:All ready to save POMO4.SA on data base.
DEBUG:root:POMO4.SA save -> data base.
DEBUG:urllib3.connectionpool:Starting new HTTP connection (1): cotacoes.economia.uol.com.br:80
DEBUG:urllib3.connectionpool:http://cotacoes.economia.uol.com.br:80 "GET /ws/asset/1686/intraday?size=600&callback=uolfinancecallback0 HTTP/1.1" 200 None
DEBUG:root:All ready to save PRIO3.SA on data base.
DEBUG:root:PRIO3.SA save -> data base.
DEBUG:urllib3.connectionpool:Starting new HTTP connection (1): cotacoes.economia.uol.com.br:80
DEBUG:urllib3.connectionpool:http://cotacoes.economia.uol.com.br:80 "GET /ws/asset/513/intraday?size=600&callback=uolfinancecallback0 HTTP/1.1" 200 None
DEBUG:root:All ready to save PSSA3.SA on data base.
DEBUG:root:PSSA3.SA save -> data base.
DEBUG:urllib3.connectionpool:Starting new HTTP connection (1): cotacoes.economia.uol.com.br:80
DEBUG:urllib3.connectionpool:http://cotacoes.economia.uol.com.br:80 "GET /ws/asset/1209/intraday?size=600&callback=uolfinancecallback0 HTTP/1.1" 200 None
DEBUG:root:All ready to save QUAL3.SA on data base.
DEBUG:root:QUAL3.SA save -> data base.
DEBUG:urllib3.connectionpool:Starting new HTTP connection (1): cotacoes.economia.uol.com.br:80
DEBUG:urllib3.connectionpool:http://cotacoes.economia.uol.com.br:80 "GET /ws/asset/1257/intraday?size=600&callback=uolfinancecallback0 HTTP/1.1" 200 None
DEBUG:root:All ready to save RADL3.SA on data base.
DEBUG:root:RADL3.SA save -> data base.
DEBUG:urllib3.connectionpool:Starting new HTTP connection (1): cotacoes.economia.uol.com.br:80
DEBUG:urllib3.connectionpool:http://cotacoes.economia.uol.com.br:80 "GET /ws/asset/1877/intraday?size=600&callback=uolfinancecallback0 HTTP/1.1" 200 None
DEBUG:root:All ready to save RAIL3.SA on data base.
DEBUG:root:RAIL3.SA save -> data base.
DEBUG:urllib3.connectionpool:Starting new HTTP connection (1): cotacoes.economia.uol.com.br:80
DEBUG:urllib3.connectionpool:http://cotacoes.economia.uol.com.br:80 "GET /ws/asset/522/intraday?size=600&callback=uolfinancecallback0 HTTP/1.1" 200 None
DEBUG:root:All ready to save RAPT4.SA on data base.
DEBUG:root:RAPT4.SA save -> data base.
DEBUG:urllib3.connectionpool:Starting new HTTP connection (1): cotacoes.economia.uol.com.br:80
DEBUG:urllib3.connectionpool:http://cotacoes.economia.uol.com.br:80 "GET /ws/asset/531/intraday?size=600&callback=uolfinancecallback0 HTTP/1.1" 200 None
DEBUG:root:All ready to save RENT3.SA on data base.
DEBUG:root:RENT3.SA save -> data base.
DEBUG:urllib3.connectionpool:Starting new HTTP connection (1): cotacoes.economia.uol.com.br:80
DEBUG:urllib3.connectionpool:http://cotacoes.economia.uol.com.br:80 "GET /ws/asset/936/intraday?size=600&callback=uolfinancecallback0 HTTP/1.1" 200 None
DEBUG:root:All ready to save SANB11.SA on data base.
DEBUG:root:SANB11.SA save -> data base.
DEBUG:urllib3.connectionpool:Starting new HTTP connection (1): cotacoes.economia.uol.com.br:80
DEBUG:urllib3.connectionpool:http://cotacoes.economia.uol.com.br:80 "GET /ws/asset/1938/intraday?size=600&callback=uolfinancecallback0 HTTP/1.1" 200 None
DEBUG:root:All ready to save SAPR11.SA on data base.
DEBUG:root:SAPR11.SA save -> data base.
DEBUG:urllib3.connectionpool:Starting new HTTP connection (1): cotacoes.economia.uol.com.br:80
DEBUG:urllib3.connectionpool:http://cotacoes.economia.uol.com.br:80 "GET /ws/asset/550/intraday?size=600&callback=uolfinancecallback0 HTTP/1.1" 200 None
DEBUG:root:All ready to save SAPR4.SA on data base.
DEBUG:root:SAPR4.SA save -> data base.
DEBUG:urllib3.connectionpool:Starting new HTTP connection (1): cotacoes.economia.uol.com.br:80
DEBUG:urllib3.connectionpool:http://cotacoes.economia.uol.com.br:80 "GET /ws/asset/552/intraday?size=600&callback=uolfinancecallback0 HTTP/1.1" 200 None
DEBUG:root:All ready to save SBSP3.SA on data base.
DEBUG:root:SBSP3.SA save -> data base.
DEBUG:urllib3.connectionpool:Starting new HTTP connection (1): cotacoes.economia.uol.com.br:80
DEBUG:urllib3.connectionpool:http://cotacoes.economia.uol.com.br:80 "GET /ws/asset/1544/intraday?size=600&callback=uolfinancecallback0 HTTP/1.1" 200 None
DEBUG:root:All ready to save SEER3.SA on data base.
DEBUG:root:SEER3.SA save -> data base.
DEBUG:urllib3.connectionpool:Starting new HTTP connection (1): cotacoes.economia.uol.com.br:80
DEBUG:urllib3.connectionpool:http://cotacoes.economia.uol.com.br:80 "GET /ws/asset/573/intraday?size=600&callback=uolfinancecallback0 HTTP/1.1" 200 None
DEBUG:root:All ready to save SLCE3.SA on data base.
DEBUG:root:SLCE3.SA save -> data base.
DEBUG:urllib3.connectionpool:Starting new HTTP connection (1): cotacoes.economia.uol.com.br:80
DEBUG:urllib3.connectionpool:http://cotacoes.economia.uol.com.br:80 "GET /ws/asset/1932/intraday?size=600&callback=uolfinancecallback0 HTTP/1.1" 200 None
DEBUG:root:All ready to save SMLS3.SA on data base.
DEBUG:root:SMLS3.SA save -> data base.
DEBUG:urllib3.connectionpool:Starting new HTTP connection (1): cotacoes.economia.uol.com.br:80
DEBUG:urllib3.connectionpool:http://cotacoes.economia.uol.com.br:80 "GET /ws/asset/576/intraday?size=600&callback=uolfinancecallback0 HTTP/1.1" 200 None
DEBUG:root:All ready to save SMTO3.SA on data base.
DEBUG:root:SMTO3.SA save -> data base.
DEBUG:urllib3.connectionpool:Starting new HTTP connection (1): cotacoes.economia.uol.com.br:80
DEBUG:urllib3.connectionpool:http://cotacoes.economia.uol.com.br:80 "GET /ws/asset/2063/intraday?size=600&callback=uolfinancecallback0 HTTP/1.1" 200 None
DEBUG:root:All ready to save SQIA3.SA on data base.
DEBUG:root:SQIA3.SA save -> data base.
DEBUG:urllib3.connectionpool:Starting new HTTP connection (1): cotacoes.economia.uol.com.br:80
DEBUG:urllib3.connectionpool:http://cotacoes.economia.uol.com.br:80 "GET /ws/asset/589/intraday?size=600&callback=uolfinancecallback0 HTTP/1.1" 200 None
DEBUG:root:All ready to save STBP3.SA on data base.
DEBUG:root:STBP3.SA save -> data base.
DEBUG:urllib3.connectionpool:Starting new HTTP connection (1): cotacoes.economia.uol.com.br:80
DEBUG:urllib3.connectionpool:http://cotacoes.economia.uol.com.br:80 "GET /ws/asset/595/intraday?size=600&callback=uolfinancecallback0 HTTP/1.1" 200 None
DEBUG:root:All ready to save SULA11.SA on data base.
DEBUG:root:SULA11.SA save -> data base.
DEBUG:urllib3.connectionpool:Starting new HTTP connection (1): cotacoes.economia.uol.com.br:80
DEBUG:urllib3.connectionpool:http://cotacoes.economia.uol.com.br:80 "GET /ws/asset/601/intraday?size=600&callback=uolfinancecallback0 HTTP/1.1" 200 None
DEBUG:root:All ready to save SUZB3.SA on data base.
DEBUG:root:SUZB3.SA save -> data base.
DEBUG:urllib3.connectionpool:Starting new HTTP connection (1): cotacoes.economia.uol.com.br:80
DEBUG:urllib3.connectionpool:http://cotacoes.economia.uol.com.br:80 "GET /ws/asset/1328/intraday?size=600&callback=uolfinancecallback0 HTTP/1.1" 200 None
DEBUG:root:All ready to save TAEE3.SA on data base.
DEBUG:root:TAEE3.SA save -> data base.
DEBUG:urllib3.connectionpool:Starting new HTTP connection (1): cotacoes.economia.uol.com.br:80
DEBUG:urllib3.connectionpool:http://cotacoes.economia.uol.com.br:80 "GET /ws/asset/620/intraday?size=600&callback=uolfinancecallback0 HTTP/1.1" 200 None
DEBUG:root:All ready to save TEND3.SA on data base.
DEBUG:root:TEND3.SA save -> data base.
DEBUG:urllib3.connectionpool:Starting new HTTP connection (1): cotacoes.economia.uol.com.br:80
DEBUG:urllib3.connectionpool:http://cotacoes.economia.uol.com.br:80 "GET /ws/asset/625/intraday?size=600&callback=uolfinancecallback0 HTTP/1.1" 200 None
DEBUG:root:All ready to save TGMA3.SA on data base.
DEBUG:root:TGMA3.SA save -> data base.
DEBUG:urllib3.connectionpool:Starting new HTTP connection (1): cotacoes.economia.uol.com.br:80
DEBUG:urllib3.connectionpool:http://cotacoes.economia.uol.com.br:80 "GET /ws/asset/1738/intraday?size=600&callback=uolfinancecallback0 HTTP/1.1" 200 None
DEBUG:root:All ready to save TIET11.SA on data base.
DEBUG:root:TIET11.SA save -> data base.
DEBUG:urllib3.connectionpool:Starting new HTTP connection (1): cotacoes.economia.uol.com.br:80
DEBUG:urllib3.connectionpool:http://cotacoes.economia.uol.com.br:80 "GET /ws/asset/1222/intraday?size=600&callback=uolfinancecallback0 HTTP/1.1" 200 None
DEBUG:root:All ready to save TIMP3.SA on data base.
DEBUG:root:TIMP3.SA save -> data base.
DEBUG:urllib3.connectionpool:Starting new HTTP connection (1): cotacoes.economia.uol.com.br:80
DEBUG:urllib3.connectionpool:http://cotacoes.economia.uol.com.br:80 "GET /ws/asset/649/intraday?size=600&callback=uolfinancecallback0 HTTP/1.1" 200 None
DEBUG:root:All ready to save TOTS3.SA on data base.
DEBUG:root:TOTS3.SA save -> data base.
DEBUG:urllib3.connectionpool:Starting new HTTP connection (1): cotacoes.economia.uol.com.br:80
DEBUG:urllib3.connectionpool:http://cotacoes.economia.uol.com.br:80 "GET /ws/asset/655/intraday?size=600&callback=uolfinancecallback0 HTTP/1.1" 200 None
DEBUG:root:All ready to save TRIS3.SA on data base.
DEBUG:root:TRIS3.SA save -> data base.
DEBUG:urllib3.connectionpool:Starting new HTTP connection (1): cotacoes.economia.uol.com.br:80
DEBUG:urllib3.connectionpool:http://cotacoes.economia.uol.com.br:80 "GET /ws/asset/661/intraday?size=600&callback=uolfinancecallback0 HTTP/1.1" 200 None
DEBUG:root:All ready to save TRPL4.SA on data base.
DEBUG:root:TRPL4.SA save -> data base.
DEBUG:urllib3.connectionpool:Starting new HTTP connection (1): cotacoes.economia.uol.com.br:80
DEBUG:urllib3.connectionpool:http://cotacoes.economia.uol.com.br:80 "GET /ws/asset/663/intraday?size=600&callback=uolfinancecallback0 HTTP/1.1" 200 None
DEBUG:root:All ready to save TUPY3.SA on data base.
DEBUG:root:TUPY3.SA save -> data base.
DEBUG:urllib3.connectionpool:Starting new HTTP connection (1): cotacoes.economia.uol.com.br:80
DEBUG:urllib3.connectionpool:http://cotacoes.economia.uol.com.br:80 "GET /ws/asset/674/intraday?size=600&callback=uolfinancecallback0 HTTP/1.1" 200 None
DEBUG:root:All ready to save UGPA3.SA on data base.
DEBUG:root:UGPA3.SA save -> data base.
DEBUG:urllib3.connectionpool:Starting new HTTP connection (1): cotacoes.economia.uol.com.br:80
DEBUG:urllib3.connectionpool:http://cotacoes.economia.uol.com.br:80 "GET /ws/asset/683/intraday?size=600&callback=uolfinancecallback0 HTTP/1.1" 200 None
DEBUG:root:All ready to save USIM5.SA on data base.
DEBUG:root:USIM5.SA save -> data base.
DEBUG:urllib3.connectionpool:Starting new HTTP connection (1): cotacoes.economia.uol.com.br:80
DEBUG:urllib3.connectionpool:http://cotacoes.economia.uol.com.br:80 "GET /ws/asset/775/intraday?size=600&callback=uolfinancecallback0 HTTP/1.1" 200 None
DEBUG:root:All ready to save VALE3.SA on data base.
DEBUG:root:VALE3.SA save -> data base.
DEBUG:urllib3.connectionpool:Starting new HTTP connection (1): cotacoes.economia.uol.com.br:80
DEBUG:urllib3.connectionpool:http://cotacoes.economia.uol.com.br:80 "GET /ws/asset/1238/intraday?size=600&callback=uolfinancecallback0 HTTP/1.1" 200 None
DEBUG:root:All ready to save VIVT4.SA on data base.
DEBUG:root:VIVT4.SA save -> data base.
DEBUG:urllib3.connectionpool:Starting new HTTP connection (1): cotacoes.economia.uol.com.br:80
DEBUG:urllib3.connectionpool:http://cotacoes.economia.uol.com.br:80 "GET /ws/asset/1087/intraday?size=600&callback=uolfinancecallback0 HTTP/1.1" 200 None
DEBUG:root:All ready to save VLID3.SA on data base.
DEBUG:root:VLID3.SA save -> data base.
DEBUG:urllib3.connectionpool:Starting new HTTP connection (1): cotacoes.economia.uol.com.br:80
DEBUG:urllib3.connectionpool:http://cotacoes.economia.uol.com.br:80 "GET /ws/asset/703/intraday?size=600&callback=uolfinancecallback0 HTTP/1.1" 200 None
DEBUG:root:All ready to save VULC3.SA on data base.
DEBUG:root:VULC3.SA save -> data base.
DEBUG:urllib3.connectionpool:Starting new HTTP connection (1): cotacoes.economia.uol.com.br:80
DEBUG:urllib3.connectionpool:http://cotacoes.economia.uol.com.br:80 "GET /ws/asset/1284/intraday?size=600&callback=uolfinancecallback0 HTTP/1.1" 200 None
DEBUG:root:All ready to save VVAR3.SA on data base.
DEBUG:root:VVAR3.SA save -> data base.
DEBUG:urllib3.connectionpool:Starting new HTTP connection (1): cotacoes.economia.uol.com.br:80
DEBUG:urllib3.connectionpool:http://cotacoes.economia.uol.com.br:80 "GET /ws/asset/704/intraday?size=600&callback=uolfinancecallback0 HTTP/1.1" 200 None
DEBUG:root:All ready to save WEGE3.SA on data base.
DEBUG:root:WEGE3.SA save -> data base.
DEBUG:urllib3.connectionpool:Starting new HTTP connection (1): cotacoes.economia.uol.com.br:80
DEBUG:urllib3.connectionpool:http://cotacoes.economia.uol.com.br:80 "GET /ws/asset/1897/intraday?size=600&callback=uolfinancecallback0 HTTP/1.1" 200 None
DEBUG:root:All ready to save WIZS3.SA on data base.
DEBUG:root:WIZS3.SA save -> data base.
DEBUG:urllib3.connectionpool:Starting new HTTP connection (1): cotacoes.economia.uol.com.br:80
DEBUG:urllib3.connectionpool:http://cotacoes.economia.uol.com.br:80 "GET /ws/asset/2324/intraday?size=600&callback=uolfinancecallback0 HTTP/1.1" 200 None
DEBUG:root:All ready to save YDUQ3.SA on data base.
DEBUG:root:YDUQ3.SA save -> data base.

